# JRE version: Java(TM) SE Runtime Environment (8.0_11-b12) (build 1.8.0_11-b12)
# Java VM: Java HotSpot(TM) 64-Bit Server VM (25.11-b03 mixed mode windows-amd64 compressed oops)
Heap:
 PSYoungGen      total 572416K, used 293182K [0x000000076ab00000, 0x00000007a2d00000, 0x00000007c0000000)
  eden space 273408K, 29% used [0x000000076ab00000,0x000000076fae1dc0,0x000000077b600000)
  from space 299008K, 70% used [0x000000077b600000,0x000000078846db90,0x000000078da00000)
  to   space 313856K, 0% used [0x000000078fa80000,0x000000078fa80000,0x00000007a2d00000)
 ParOldGen       total 706560K, used 634113K [0x00000006c0000000, 0x00000006eb200000, 0x000000076ab00000)
  object space 706560K, 89% used [0x00000006c0000000,0x00000006e6b406b0,0x00000006eb200000)
 Metaspace       used 6730K, capacity 7480K, committed 7680K, reserved 1056768K
  class space    used 644K, capacity 688K, committed 768K, reserved 1048576K
GC Heap History (10 events):
Event: 66.735 GC heap before
{Heap before GC invocations=55 (full 7):
 PSYoungGen      total 478720K, used 478711K [0x000000076ab00000, 0x0000000797d00000, 0x00000007c0000000)
  eden space 294400K, 100% used [0x000000076ab00000,0x000000077ca80000,0x000000077ca80000)
  from space 184320K, 99% used [0x000000077ca80000,0x0000000787e7dc38,0x0000000787e80000)
  to   space 213504K, 0% used [0x000000078ac80000,0x000000078ac80000,0x0000000797d00000)
 ParOldGen       total 634368K, used 554448K [0x00000006c0000000, 0x00000006e6b80000, 0x000000076ab00000)
  object space 634368K, 87% used [0x00000006c0000000,0x00000006e1d74168,0x00000006e6b80000)
 Metaspace       used 6357K, capacity 7128K, committed 7424K, reserved 1056768K
  class space    used 625K, capacity 656K, committed 768K, reserved 1048576K
Event: 67.159 GC heap after
Heap after GC invocations=55 (full 7):
 PSYoungGen      total 485888K, used 213481K [0x000000076ab00000, 0x000000079ce00000, 0x00000007c0000000)
  eden space 272384K, 0% used [0x000000076ab00000,0x000000076ab00000,0x000000077b500000)
  from space 213504K, 99% used [0x000000078ac80000,0x0000000797cfa7d8,0x0000000797d00000)
  to   space 253440K, 0% used [0x000000077b500000,0x000000077b500000,0x000000078ac80000)
 ParOldGen       total 634368K, used 571401K [0x00000006c0000000, 0x00000006e6b80000, 0x000000076ab00000)
  object space 634368K, 90% used [0x00000006c0000000,0x00000006e2e025f0,0x00000006e6b80000)
 Metaspace       used 6357K, capacity 7128K, committed 7424K, reserved 1056768K
  class space    used 625K, capacity 656K, committed 768K, reserved 1048576K
}
Event: 69.586 GC heap before
{Heap before GC invocations=56 (full 7):
 PSYoungGen      total 485888K, used 485865K [0x000000076ab00000, 0x000000079ce00000, 0x00000007c0000000)
  eden space 272384K, 100% used [0x000000076ab00000,0x000000077b500000,0x000000077b500000)
  from space 213504K, 99% used [0x000000078ac80000,0x0000000797cfa7d8,0x0000000797d00000)
  to   space 253440K, 0% used [0x000000077b500000,0x000000077b500000,0x000000078ac80000)
 ParOldGen       total 634368K, used 571401K [0x00000006c0000000, 0x00000006e6b80000, 0x000000076ab00000)
  object space 634368K, 90% used [0x00000006c0000000,0x00000006e2e025f0,0x00000006e6b80000)
 Metaspace       used 6417K, capacity 7192K, committed 7424K, reserved 1056768K
  class space    used 628K, capacity 656K, committed 768K, reserved 1048576K
Event: 70.172 GC heap after
Heap after GC invocations=56 (full 7):
 PSYoungGen      total 525824K, used 223121K [0x000000076ab00000, 0x000000079ee00000, 0x00000007c0000000)
  eden space 272384K, 0% used [0x000000076ab00000,0x000000076ab00000,0x000000077b500000)
  from space 253440K, 88% used [0x000000077b500000,0x0000000788ee4558,0x000000078ac80000)
  to   space 282624K, 0% used [0x000000078da00000,0x000000078da00000,0x000000079ee00000)
 ParOldGen       total 634368K, used 599136K [0x00000006c0000000, 0x00000006e6b80000, 0x000000076ab00000)
  object space 634368K, 94% used [0x00000006c0000000,0x00000006e49180e0,0x00000006e6b80000)
 Metaspace       used 6417K, capacity 7192K, committed 7424K, reserved 1056768K
  class space    used 628K, capacity 656K, committed 768K, reserved 1048576K
}
Event: 70.172 GC heap before
{Heap before GC invocations=57 (full 8):
 PSYoungGen      total 525824K, used 223121K [0x000000076ab00000, 0x000000079ee00000, 0x00000007c0000000)
  eden space 272384K, 0% used [0x000000076ab00000,0x000000076ab00000,0x000000077b500000)
  from space 253440K, 88% used [0x000000077b500000,0x0000000788ee4558,0x000000078ac80000)
  to   space 282624K, 0% used [0x000000078da00000,0x000000078da00000,0x000000079ee00000)
 ParOldGen       total 634368K, used 599136K [0x00000006c0000000, 0x00000006e6b80000, 0x000000076ab00000)
  object space 634368K, 94% used [0x00000006c0000000,0x00000006e49180e0,0x00000006e6b80000)
 Metaspace       used 6417K, capacity 7192K, committed 7424K, reserved 1056768K
  class space    used 628K, capacity 656K, committed 768K, reserved 1048576K
Event: 81.286 GC heap after
Heap after GC invocations=57 (full 8):
 PSYoungGen      total 525824K, used 176309K [0x000000076ab00000, 0x000000079ee00000, 0x00000007c0000000)
  eden space 272384K, 0% used [0x000000076ab00000,0x000000076ab00000,0x000000077b500000)
  from space 253440K, 69% used [0x000000077b500000,0x000000078612d610,0x000000078ac80000)
  to   space 282624K, 0% used [0x000000078da00000,0x000000078da00000,0x000000079ee00000)
 ParOldGen       total 706560K, used 634105K [0x00000006c0000000, 0x00000006eb200000, 0x000000076ab00000)
  object space 706560K, 89% used [0x00000006c0000000,0x00000006e6b3e6b0,0x00000006eb200000)
 Metaspace       used 6417K, capacity 7192K, committed 7424K, reserved 1056768K
  class space    used 628K, capacity 656K, committed 768K, reserved 1048576K
}
Event: 84.879 GC heap before
{Heap before GC invocations=58 (full 8):
 PSYoungGen      total 525824K, used 448693K [0x000000076ab00000, 0x000000079ee00000, 0x00000007c0000000)
  eden space 272384K, 100% used [0x000000076ab00000,0x000000077b500000,0x000000077b500000)
  from space 253440K, 69% used [0x000000077b500000,0x000000078612d610,0x000000078ac80000)
  to   space 282624K, 0% used [0x000000078da00000,0x000000078da00000,0x000000079ee00000)
 ParOldGen       total 706560K, used 634105K [0x00000006c0000000, 0x00000006eb200000, 0x000000076ab00000)
  object space 706560K, 89% used [0x00000006c0000000,0x00000006e6b3e6b0,0x00000006eb200000)
 Metaspace       used 6623K, capacity 7416K, committed 7680K, reserved 1056768K
  class space    used 640K, capacity 688K, committed 768K, reserved 1048576K
Event: 85.531 GC heap after
Heap after GC invocations=58 (full 8):
 PSYoungGen      total 556032K, used 204530K [0x000000076ab00000, 0x00000007a0c00000, 0x00000007c0000000)
  eden space 273408K, 0% used [0x000000076ab00000,0x000000076ab00000,0x000000077b600000)
  from space 282624K, 72% used [0x000000078da00000,0x000000079a1bcb28,0x000000079ee00000)
  to   space 299008K, 0% used [0x000000077b600000,0x000000077b600000,0x000000078da00000)
 ParOldGen       total 706560K, used 634113K [0x00000006c0000000, 0x00000006eb200000, 0x000000076ab00000)
  object space 706560K, 89% used [0x00000006c0000000,0x00000006e6b406b0,0x00000006eb200000)
 Metaspace       used 6623K, capacity 7416K, committed 7680K, reserved 1056768K
  class space    used 640K, capacity 688K, committed 768K, reserved 1048576K
}
Event: 86.240 GC heap before
{Heap before GC invocations=59 (full 8):
 PSYoungGen      total 556032K, used 477938K [0x000000076ab00000, 0x00000007a0c00000, 0x00000007c0000000)
  eden space 273408K, 100% used [0x000000076ab00000,0x000000077b600000,0x000000077b600000)
  from space 282624K, 72% used [0x000000078da00000,0x000000079a1bcb28,0x000000079ee00000)
  to   space 299008K, 0% used [0x000000077b600000,0x000000077b600000,0x000000078da00000)
 ParOldGen       total 706560K, used 634113K [0x00000006c0000000, 0x00000006eb200000, 0x000000076ab00000)
  object space 706560K, 89% used [0x00000006c0000000,0x00000006e6b406b0,0x00000006eb200000)
 Metaspace       used 6626K, capacity 7416K, committed 7680K, reserved 1056768K
  class space    used 640K, capacity 688K, committed 768K, reserved 1048576K
Event: 86.723 GC heap after
Heap after GC invocations=59 (full 8):
 PSYoungGen      total 572416K, used 211382K [0x000000076ab00000, 0x00000007a2d00000, 0x00000007c0000000)
  eden space 273408K, 0% used [0x000000076ab00000,0x000000076ab00000,0x000000077b600000)
  from space 299008K, 70% used [0x000000077b600000,0x000000078846db90,0x000000078da00000)
  to   space 313856K, 0% used [0x000000078fa80000,0x000000078fa80000,0x00000007a2d00000)
 ParOldGen       total 706560K, used 634113K [0x00000006c0000000, 0x00000006eb200000, 0x000000076ab00000)
  object space 706560K, 89% used [0x00000006c0000000,0x00000006e6b406b0,0x00000006eb200000)
 Metaspace       used 6626K, capacity 7416K, committed 7680K, reserved 1056768K
  class space    used 640K, capacity 688K, committed 768K, reserved 1048576K
}

