# JRE version: Java(TM) SE Runtime Environment (8.0_11-b12) (build 1.8.0_11-b12)
# Java VM: Java HotSpot(TM) 64-Bit Server VM (25.11-b03 mixed mode windows-amd64 compressed oops)
Heap:
 PSYoungGen      total 326144K, used 34825K [0x000000076ab00000, 0x0000000781f80000, 0x00000007c0000000)
  eden space 286208K, 0% used [0x000000076ab00000,0x000000076ab00000,0x000000077c280000)
  from space 39936K, 87% used [0x000000077ee80000,0x0000000781082710,0x0000000781580000)
  to   space 45056K, 0% used [0x000000077c280000,0x000000077c280000,0x000000077ee80000)
 ParOldGen       total 195072K, used 168895K [0x00000006c0000000, 0x00000006cbe80000, 0x000000076ab00000)
  object space 195072K, 86% used [0x00000006c0000000,0x00000006ca4efc88,0x00000006cbe80000)
 Metaspace       used 6286K, capacity 7128K, committed 7424K, reserved 1056768K
  class space    used 621K, capacity 656K, committed 768K, reserved 1048576K
GC Heap History (10 events):
Event: 11.515 GC heap after
Heap after GC invocations=24 (full 0):
 PSYoungGen      total 198656K, used 18929K [0x000000076ab00000, 0x0000000778c80000, 0x00000007c0000000)
  eden space 172544K, 0% used [0x000000076ab00000,0x000000076ab00000,0x0000000775380000)
  from space 26112K, 72% used [0x0000000776f00000,0x000000077817c6b8,0x0000000778880000)
  to   space 28160K, 0% used [0x0000000775380000,0x0000000775380000,0x0000000776f00000)
 ParOldGen       total 195072K, used 83677K [0x00000006c0000000, 0x00000006cbe80000, 0x000000076ab00000)
  object space 195072K, 42% used [0x00000006c0000000,0x00000006c51b7650,0x00000006cbe80000)
 Metaspace       used 6256K, capacity 7128K, committed 7424K, reserved 1056768K
  class space    used 619K, capacity 656K, committed 768K, reserved 1048576K
}
Event: 12.993 GC heap before
{Heap before GC invocations=25 (full 0):
 PSYoungGen      total 198656K, used 191473K [0x000000076ab00000, 0x0000000778c80000, 0x00000007c0000000)
  eden space 172544K, 100% used [0x000000076ab00000,0x0000000775380000,0x0000000775380000)
  from space 26112K, 72% used [0x0000000776f00000,0x000000077817c6b8,0x0000000778880000)
  to   space 28160K, 0% used [0x0000000775380000,0x0000000775380000,0x0000000776f00000)
 ParOldGen       total 195072K, used 83677K [0x00000006c0000000, 0x00000006cbe80000, 0x000000076ab00000)
  object space 195072K, 42% used [0x00000006c0000000,0x00000006c51b7650,0x00000006cbe80000)
 Metaspace       used 6269K, capacity 7128K, committed 7424K, reserved 1056768K
  class space    used 619K, capacity 656K, committed 768K, reserved 1048576K
Event: 13.109 GC heap after
Heap after GC invocations=25 (full 0):
 PSYoungGen      total 200704K, used 28147K [0x000000076ab00000, 0x000000077d480000, 0x00000007c0000000)
  eden space 172544K, 0% used [0x000000076ab00000,0x000000076ab00000,0x0000000775380000)
  from space 28160K, 99% used [0x0000000775380000,0x0000000776efccd8,0x0000000776f00000)
  to   space 39936K, 0% used [0x000000077ad80000,0x000000077ad80000,0x000000077d480000)
 ParOldGen       total 195072K, used 102542K [0x00000006c0000000, 0x00000006cbe80000, 0x000000076ab00000)
  object space 195072K, 52% used [0x00000006c0000000,0x00000006c6423860,0x00000006cbe80000)
 Metaspace       used 6269K, capacity 7128K, committed 7424K, reserved 1056768K
  class space    used 619K, capacity 656K, committed 768K, reserved 1048576K
}
Event: 14.364 GC heap before
{Heap before GC invocations=26 (full 0):
 PSYoungGen      total 200704K, used 200691K [0x000000076ab00000, 0x000000077d480000, 0x00000007c0000000)
  eden space 172544K, 100% used [0x000000076ab00000,0x0000000775380000,0x0000000775380000)
  from space 28160K, 99% used [0x0000000775380000,0x0000000776efccd8,0x0000000776f00000)
  to   space 39936K, 0% used [0x000000077ad80000,0x000000077ad80000,0x000000077d480000)
 ParOldGen       total 195072K, used 102542K [0x00000006c0000000, 0x00000006cbe80000, 0x000000076ab00000)
  object space 195072K, 52% used [0x00000006c0000000,0x00000006c6423860,0x00000006cbe80000)
 Metaspace       used 6279K, capacity 7128K, committed 7424K, reserved 1056768K
  class space    used 619K, capacity 656K, committed 768K, reserved 1048576K
Event: 14.474 GC heap after
Heap after GC invocations=26 (full 0):
 PSYoungGen      total 263680K, used 23242K [0x000000076ab00000, 0x000000077d680000, 0x00000007c0000000)
  eden space 223744K, 0% used [0x000000076ab00000,0x000000076ab00000,0x0000000778580000)
  from space 39936K, 58% used [0x000000077ad80000,0x000000077c4329c0,0x000000077d480000)
  to   space 40960K, 0% used [0x0000000778580000,0x0000000778580000,0x000000077ad80000)
 ParOldGen       total 195072K, used 128960K [0x00000006c0000000, 0x00000006cbe80000, 0x000000076ab00000)
  object space 195072K, 66% used [0x00000006c0000000,0x00000006c7df0218,0x00000006cbe80000)
 Metaspace       used 6279K, capacity 7128K, committed 7424K, reserved 1056768K
  class space    used 619K, capacity 656K, committed 768K, reserved 1048576K
}
Event: 15.484 GC heap before
{Heap before GC invocations=27 (full 0):
 PSYoungGen      total 263680K, used 246986K [0x000000076ab00000, 0x000000077d680000, 0x00000007c0000000)
  eden space 223744K, 100% used [0x000000076ab00000,0x0000000778580000,0x0000000778580000)
  from space 39936K, 58% used [0x000000077ad80000,0x000000077c4329c0,0x000000077d480000)
  to   space 40960K, 0% used [0x0000000778580000,0x0000000778580000,0x000000077ad80000)
 ParOldGen       total 195072K, used 128960K [0x00000006c0000000, 0x00000006cbe80000, 0x000000076ab00000)
  object space 195072K, 66% used [0x00000006c0000000,0x00000006c7df0218,0x00000006cbe80000)
 Metaspace       used 6282K, capacity 7128K, committed 7424K, reserved 1056768K
  class space    used 620K, capacity 656K, committed 768K, reserved 1048576K
Event: 15.568 GC heap after
Heap after GC invocations=27 (full 0):
 PSYoungGen      total 264704K, used 18133K [0x000000076ab00000, 0x0000000781580000, 0x00000007c0000000)
  eden space 223744K, 0% used [0x000000076ab00000,0x000000076ab00000,0x0000000778580000)
  from space 40960K, 44% used [0x0000000778580000,0x0000000779735780,0x000000077ad80000)
  to   space 39936K, 0% used [0x000000077ee80000,0x000000077ee80000,0x0000000781580000)
 ParOldGen       total 195072K, used 151621K [0x00000006c0000000, 0x00000006cbe80000, 0x000000076ab00000)
  object space 195072K, 77% used [0x00000006c0000000,0x00000006c94117d8,0x00000006cbe80000)
 Metaspace       used 6282K, capacity 7128K, committed 7424K, reserved 1056768K
  class space    used 620K, capacity 656K, committed 768K, reserved 1048576K
}
Event: 17.304 GC heap before
{Heap before GC invocations=28 (full 0):
 PSYoungGen      total 264704K, used 241877K [0x000000076ab00000, 0x0000000781580000, 0x00000007c0000000)
  eden space 223744K, 100% used [0x000000076ab00000,0x0000000778580000,0x0000000778580000)
  from space 40960K, 44% used [0x0000000778580000,0x0000000779735780,0x000000077ad80000)
  to   space 39936K, 0% used [0x000000077ee80000,0x000000077ee80000,0x0000000781580000)
 ParOldGen       total 195072K, used 151621K [0x00000006c0000000, 0x00000006cbe80000, 0x000000076ab00000)
  object space 195072K, 77% used [0x00000006c0000000,0x00000006c94117d8,0x00000006cbe80000)
 Metaspace       used 6286K, capacity 7128K, committed 7424K, reserved 1056768K
  class space    used 621K, capacity 656K, committed 768K, reserved 1048576K
Event: 17.411 GC heap after
Heap after GC invocations=28 (full 0):
 PSYoungGen      total 326144K, used 34825K [0x000000076ab00000, 0x0000000781f80000, 0x00000007c0000000)
  eden space 286208K, 0% used [0x000000076ab00000,0x000000076ab00000,0x000000077c280000)
  from space 39936K, 87% used [0x000000077ee80000,0x0000000781082710,0x0000000781580000)
  to   space 45056K, 0% used [0x000000077c280000,0x000000077c280000,0x000000077ee80000)
 ParOldGen       total 195072K, used 168895K [0x00000006c0000000, 0x00000006cbe80000, 0x000000076ab00000)
  object space 195072K, 86% used [0x00000006c0000000,0x00000006ca4efc88,0x00000006cbe80000)
 Metaspace       used 6286K, capacity 7128K, committed 7424K, reserved 1056768K
  class space    used 621K, capacity 656K, committed 768K, reserved 1048576K
}
Event: 17.411 GC heap before
{Heap before GC invocations=29 (full 1):
 PSYoungGen      total 326144K, used 34825K [0x000000076ab00000, 0x0000000781f80000, 0x00000007c0000000)
  eden space 286208K, 0% used [0x000000076ab00000,0x000000076ab00000,0x000000077c280000)
  from space 39936K, 87% used [0x000000077ee80000,0x0000000781082710,0x0000000781580000)
  to   space 45056K, 0% used [0x000000077c280000,0x000000077c280000,0x000000077ee80000)
 ParOldGen       total 195072K, used 168895K [0x00000006c0000000, 0x00000006cbe80000, 0x000000076ab00000)
  object space 195072K, 86% used [0x00000006c0000000,0x00000006ca4efc88,0x00000006cbe80000)
 Metaspace       used 6286K, capacity 7128K, committed 7424K, reserved 1056768K
  class space    used 621K, capacity 656K, committed 768K, reserved 1048576K

