# JRE version: Java(TM) SE Runtime Environment (8.0_11-b12) (build 1.8.0_11-b12)
# Java VM: Java HotSpot(TM) 64-Bit Server VM (25.11-b03 mixed mode windows-amd64 compressed oops)
Heap:
 PSYoungGen      total 255488K, used 15188K [0x000000076ab00000, 0x000000077c680000, 0x00000007c0000000)
  eden space 223744K, 0% used [0x000000076ab00000,0x000000076ab00000,0x0000000778580000)
  from space 31744K, 47% used [0x000000077a780000,0x000000077b6550a0,0x000000077c680000)
  to   space 33280K, 0% used [0x0000000778580000,0x0000000778580000,0x000000077a600000)
 ParOldGen       total 195072K, used 165706K [0x00000006c0000000, 0x00000006cbe80000, 0x000000076ab00000)
  object space 195072K, 84% used [0x00000006c0000000,0x00000006ca1d28f8,0x00000006cbe80000)
 Metaspace       used 6273K, capacity 7128K, committed 7424K, reserved 1056768K
  class space    used 620K, capacity 656K, committed 768K, reserved 1048576K
GC Heap History (10 events):
Event: 10.145 GC heap after
Heap after GC invocations=30 (full 0):
 PSYoungGen      total 157184K, used 15892K [0x000000076ab00000, 0x0000000775d80000, 0x00000007c0000000)
  eden space 137728K, 0% used [0x000000076ab00000,0x000000076ab00000,0x0000000773180000)
  from space 19456K, 81% used [0x0000000774680000,0x0000000775605240,0x0000000775980000)
  to   space 21504K, 0% used [0x0000000773180000,0x0000000773180000,0x0000000774680000)
 ParOldGen       total 195072K, used 86900K [0x00000006c0000000, 0x00000006cbe80000, 0x000000076ab00000)
  object space 195072K, 44% used [0x00000006c0000000,0x00000006c54dd208,0x00000006cbe80000)
 Metaspace       used 6243K, capacity 7064K, committed 7424K, reserved 1056768K
  class space    used 619K, capacity 656K, committed 768K, reserved 1048576K
}
Event: 10.909 GC heap before
{Heap before GC invocations=31 (full 0):
 PSYoungGen      total 157184K, used 153620K [0x000000076ab00000, 0x0000000775d80000, 0x00000007c0000000)
  eden space 137728K, 100% used [0x000000076ab00000,0x0000000773180000,0x0000000773180000)
  from space 19456K, 81% used [0x0000000774680000,0x0000000775605240,0x0000000775980000)
  to   space 21504K, 0% used [0x0000000773180000,0x0000000773180000,0x0000000774680000)
 ParOldGen       total 195072K, used 86900K [0x00000006c0000000, 0x00000006cbe80000, 0x000000076ab00000)
  object space 195072K, 44% used [0x00000006c0000000,0x00000006c54dd208,0x00000006cbe80000)
 Metaspace       used 6253K, capacity 7064K, committed 7424K, reserved 1056768K
  class space    used 619K, capacity 656K, committed 768K, reserved 1048576K
Event: 11.071 GC heap after
Heap after GC invocations=31 (full 0):
 PSYoungGen      total 159232K, used 21504K [0x000000076ab00000, 0x0000000779800000, 0x00000007c0000000)
  eden space 137728K, 0% used [0x000000076ab00000,0x000000076ab00000,0x0000000773180000)
  from space 21504K, 100% used [0x0000000773180000,0x0000000774680000,0x0000000774680000)
  to   space 31744K, 0% used [0x0000000777900000,0x0000000777900000,0x0000000779800000)
 ParOldGen       total 195072K, used 103926K [0x00000006c0000000, 0x00000006cbe80000, 0x000000076ab00000)
  object space 195072K, 53% used [0x00000006c0000000,0x00000006c657dbf0,0x00000006cbe80000)
 Metaspace       used 6253K, capacity 7064K, committed 7424K, reserved 1056768K
  class space    used 619K, capacity 656K, committed 768K, reserved 1048576K
}
Event: 11.876 GC heap before
{Heap before GC invocations=32 (full 0):
 PSYoungGen      total 159232K, used 159232K [0x000000076ab00000, 0x0000000779800000, 0x00000007c0000000)
  eden space 137728K, 100% used [0x000000076ab00000,0x0000000773180000,0x0000000773180000)
  from space 21504K, 100% used [0x0000000773180000,0x0000000774680000,0x0000000774680000)
  to   space 31744K, 0% used [0x0000000777900000,0x0000000777900000,0x0000000779800000)
 ParOldGen       total 195072K, used 103926K [0x00000006c0000000, 0x00000006cbe80000, 0x000000076ab00000)
  object space 195072K, 53% used [0x00000006c0000000,0x00000006c657dbf0,0x00000006cbe80000)
 Metaspace       used 6257K, capacity 7128K, committed 7424K, reserved 1056768K
  class space    used 619K, capacity 656K, committed 768K, reserved 1048576K
Event: 11.955 GC heap after
Heap after GC invocations=32 (full 0):
 PSYoungGen      total 210432K, used 17841K [0x000000076ab00000, 0x0000000779900000, 0x00000007c0000000)
  eden space 178688K, 0% used [0x000000076ab00000,0x000000076ab00000,0x0000000775980000)
  from space 31744K, 56% used [0x0000000777900000,0x0000000778a6c440,0x0000000779800000)
  to   space 32256K, 0% used [0x0000000775980000,0x0000000775980000,0x0000000777900000)
 ParOldGen       total 195072K, used 125308K [0x00000006c0000000, 0x00000006cbe80000, 0x000000076ab00000)
  object space 195072K, 64% used [0x00000006c0000000,0x00000006c7a5f1a8,0x00000006cbe80000)
 Metaspace       used 6257K, capacity 7128K, committed 7424K, reserved 1056768K
  class space    used 619K, capacity 656K, committed 768K, reserved 1048576K
}
Event: 14.312 GC heap before
{Heap before GC invocations=33 (full 0):
 PSYoungGen      total 210432K, used 196529K [0x000000076ab00000, 0x0000000779900000, 0x00000007c0000000)
  eden space 178688K, 100% used [0x000000076ab00000,0x0000000775980000,0x0000000775980000)
  from space 31744K, 56% used [0x0000000777900000,0x0000000778a6c440,0x0000000779800000)
  to   space 32256K, 0% used [0x0000000775980000,0x0000000775980000,0x0000000777900000)
 ParOldGen       total 195072K, used 125308K [0x00000006c0000000, 0x00000006cbe80000, 0x000000076ab00000)
  object space 195072K, 64% used [0x00000006c0000000,0x00000006c7a5f1a8,0x00000006cbe80000)
 Metaspace       used 6268K, capacity 7128K, committed 7424K, reserved 1056768K
  class space    used 620K, capacity 656K, committed 768K, reserved 1048576K
Event: 14.425 GC heap after
Heap after GC invocations=33 (full 0):
 PSYoungGen      total 210944K, used 23853K [0x000000076ab00000, 0x000000077c980000, 0x00000007c0000000)
  eden space 178688K, 0% used [0x000000076ab00000,0x000000076ab00000,0x0000000775980000)
  from space 32256K, 73% used [0x0000000775980000,0x00000007770cb558,0x0000000777900000)
  to   space 34816K, 0% used [0x000000077a780000,0x000000077a780000,0x000000077c980000)
 ParOldGen       total 195072K, used 142557K [0x00000006c0000000, 0x00000006cbe80000, 0x000000076ab00000)
  object space 195072K, 73% used [0x00000006c0000000,0x00000006c8b377e0,0x00000006cbe80000)
 Metaspace       used 6268K, capacity 7128K, committed 7424K, reserved 1056768K
  class space    used 620K, capacity 656K, committed 768K, reserved 1048576K
}
Event: 15.516 GC heap before
{Heap before GC invocations=34 (full 0):
 PSYoungGen      total 210944K, used 202541K [0x000000076ab00000, 0x000000077c980000, 0x00000007c0000000)
  eden space 178688K, 100% used [0x000000076ab00000,0x0000000775980000,0x0000000775980000)
  from space 32256K, 73% used [0x0000000775980000,0x00000007770cb558,0x0000000777900000)
  to   space 34816K, 0% used [0x000000077a780000,0x000000077a780000,0x000000077c980000)
 ParOldGen       total 195072K, used 142557K [0x00000006c0000000, 0x00000006cbe80000, 0x000000076ab00000)
  object space 195072K, 73% used [0x00000006c0000000,0x00000006c8b377e0,0x00000006cbe80000)
 Metaspace       used 6273K, capacity 7128K, committed 7424K, reserved 1056768K
  class space    used 620K, capacity 656K, committed 768K, reserved 1048576K
Event: 15.729 GC heap after
Heap after GC invocations=34 (full 0):
 PSYoungGen      total 255488K, used 15188K [0x000000076ab00000, 0x000000077c680000, 0x00000007c0000000)
  eden space 223744K, 0% used [0x000000076ab00000,0x000000076ab00000,0x0000000778580000)
  from space 31744K, 47% used [0x000000077a780000,0x000000077b6550a0,0x000000077c680000)
  to   space 33280K, 0% used [0x0000000778580000,0x0000000778580000,0x000000077a600000)
 ParOldGen       total 195072K, used 165706K [0x00000006c0000000, 0x00000006cbe80000, 0x000000076ab00000)
  object space 195072K, 84% used [0x00000006c0000000,0x00000006ca1d28f8,0x00000006cbe80000)
 Metaspace       used 6273K, capacity 7128K, committed 7424K, reserved 1056768K
  class space    used 620K, capacity 656K, committed 768K, reserved 1048576K
}
Event: 15.729 GC heap before
{Heap before GC invocations=35 (full 1):
 PSYoungGen      total 255488K, used 15188K [0x000000076ab00000, 0x000000077c680000, 0x00000007c0000000)
  eden space 223744K, 0% used [0x000000076ab00000,0x000000076ab00000,0x0000000778580000)
  from space 31744K, 47% used [0x000000077a780000,0x000000077b6550a0,0x000000077c680000)
  to   space 33280K, 0% used [0x0000000778580000,0x0000000778580000,0x000000077a600000)
 ParOldGen       total 195072K, used 165706K [0x00000006c0000000, 0x00000006cbe80000, 0x000000076ab00000)
  object space 195072K, 84% used [0x00000006c0000000,0x00000006ca1d28f8,0x00000006cbe80000)
 Metaspace       used 6273K, capacity 7128K, committed 7424K, reserved 1056768K
  class space    used 620K, capacity 656K, committed 768K, reserved 1048576K

