# JRE version: Java(TM) SE Runtime Environment (8.0_11-b12) (build 1.8.0_11-b12)
# Java VM: Java HotSpot(TM) 64-Bit Server VM (25.11-b03 mixed mode windows-amd64 compressed oops)
Heap:
 PSYoungGen      total 505344K, used 505332K [0x000000076ab00000, 0x000000079ef00000, 0x00000007c0000000)
  eden space 269312K, 100% used [0x000000076ab00000,0x000000077b200000,0x000000077b200000)
  from space 236032K, 99% used [0x000000078be00000,0x000000079a47d148,0x000000079a480000)
  to   space 274432K, 99% used [0x000000077b200000,0x000000078bdfc868,0x000000078be00000)
 ParOldGen       total 644096K, used 573900K [0x00000006c0000000, 0x00000006e7500000, 0x000000076ab00000)
  object space 644096K, 89% used [0x00000006c0000000,0x00000006e3073350,0x00000006e7500000)
 Metaspace       used 6632K, capacity 7416K, committed 7680K, reserved 1056768K
  class space    used 640K, capacity 688K, committed 768K, reserved 1048576K
GC Heap History (10 events):
Event: 63.273 GC heap after
Heap after GC invocations=49 (full 9):
 PSYoungGen      total 473088K, used 115181K [0x000000076ab00000, 0x0000000793880000, 0x00000007c0000000)
  eden space 296960K, 0% used [0x000000076ab00000,0x000000076ab00000,0x000000077cd00000)
  from space 176128K, 65% used [0x0000000787f00000,0x000000078ef7b4b8,0x0000000792b00000)
  to   space 182272K, 0% used [0x000000077cd00000,0x000000077cd00000,0x0000000787f00000)
 ParOldGen       total 644096K, used 551323K [0x00000006c0000000, 0x00000006e7500000, 0x000000076ab00000)
  object space 644096K, 85% used [0x00000006c0000000,0x00000006e1a66fe8,0x00000006e7500000)
 Metaspace       used 6302K, capacity 7128K, committed 7424K, reserved 1056768K
  class space    used 621K, capacity 656K, committed 768K, reserved 1048576K
}
Event: 64.045 GC heap before
{Heap before GC invocations=50 (full 9):
 PSYoungGen      total 473088K, used 412141K [0x000000076ab00000, 0x0000000793880000, 0x00000007c0000000)
  eden space 296960K, 100% used [0x000000076ab00000,0x000000077cd00000,0x000000077cd00000)
  from space 176128K, 65% used [0x0000000787f00000,0x000000078ef7b4b8,0x0000000792b00000)
  to   space 182272K, 0% used [0x000000077cd00000,0x000000077cd00000,0x0000000787f00000)
 ParOldGen       total 644096K, used 551323K [0x00000006c0000000, 0x00000006e7500000, 0x000000076ab00000)
  object space 644096K, 85% used [0x00000006c0000000,0x00000006e1a66fe8,0x00000006e7500000)
 Metaspace       used 6302K, capacity 7128K, committed 7424K, reserved 1056768K
  class space    used 621K, capacity 656K, committed 768K, reserved 1048576K
Event: 64.247 GC heap after
Heap after GC invocations=50 (full 9):
 PSYoungGen      total 479232K, used 110573K [0x000000076ab00000, 0x0000000794200000, 0x00000007c0000000)
  eden space 296960K, 0% used [0x000000076ab00000,0x000000076ab00000,0x000000077cd00000)
  from space 182272K, 60% used [0x000000077cd00000,0x00000007838fb7e8,0x0000000787f00000)
  to   space 184832K, 0% used [0x0000000788d80000,0x0000000788d80000,0x0000000794200000)
 ParOldGen       total 644096K, used 551323K [0x00000006c0000000, 0x00000006e7500000, 0x000000076ab00000)
  object space 644096K, 85% used [0x00000006c0000000,0x00000006e1a66fe8,0x00000006e7500000)
 Metaspace       used 6302K, capacity 7128K, committed 7424K, reserved 1056768K
  class space    used 621K, capacity 656K, committed 768K, reserved 1048576K
}
Event: 64.860 GC heap before
{Heap before GC invocations=51 (full 9):
 PSYoungGen      total 479232K, used 407533K [0x000000076ab00000, 0x0000000794200000, 0x00000007c0000000)
  eden space 296960K, 100% used [0x000000076ab00000,0x000000077cd00000,0x000000077cd00000)
  from space 182272K, 60% used [0x000000077cd00000,0x00000007838fb7e8,0x0000000787f00000)
  to   space 184832K, 0% used [0x0000000788d80000,0x0000000788d80000,0x0000000794200000)
 ParOldGen       total 644096K, used 551323K [0x00000006c0000000, 0x00000006e7500000, 0x000000076ab00000)
  object space 644096K, 85% used [0x00000006c0000000,0x00000006e1a66fe8,0x00000006e7500000)
 Metaspace       used 6302K, capacity 7128K, committed 7424K, reserved 1056768K
  class space    used 621K, capacity 656K, committed 768K, reserved 1048576K
Event: 65.117 GC heap after
Heap after GC invocations=51 (full 9):
 PSYoungGen      total 474624K, used 158692K [0x000000076ab00000, 0x0000000796a80000, 0x00000007c0000000)
  eden space 289792K, 0% used [0x000000076ab00000,0x000000076ab00000,0x000000077c600000)
  from space 184832K, 85% used [0x0000000788d80000,0x00000007928790b0,0x0000000794200000)
  to   space 204288K, 0% used [0x000000077c600000,0x000000077c600000,0x0000000788d80000)
 ParOldGen       total 644096K, used 551323K [0x00000006c0000000, 0x00000006e7500000, 0x000000076ab00000)
  object space 644096K, 85% used [0x00000006c0000000,0x00000006e1a66fe8,0x00000006e7500000)
 Metaspace       used 6302K, capacity 7128K, committed 7424K, reserved 1056768K
  class space    used 621K, capacity 656K, committed 768K, reserved 1048576K
}
Event: 65.624 GC heap before
{Heap before GC invocations=52 (full 9):
 PSYoungGen      total 474624K, used 448484K [0x000000076ab00000, 0x0000000796a80000, 0x00000007c0000000)
  eden space 289792K, 100% used [0x000000076ab00000,0x000000077c600000,0x000000077c600000)
  from space 184832K, 85% used [0x0000000788d80000,0x00000007928790b0,0x0000000794200000)
  to   space 204288K, 0% used [0x000000077c600000,0x000000077c600000,0x0000000788d80000)
 ParOldGen       total 644096K, used 551323K [0x00000006c0000000, 0x00000006e7500000, 0x000000076ab00000)
  object space 644096K, 85% used [0x00000006c0000000,0x00000006e1a66fe8,0x00000006e7500000)
 Metaspace       used 6302K, capacity 7128K, committed 7424K, reserved 1056768K
  class space    used 621K, capacity 656K, committed 768K, reserved 1048576K
Event: 66.003 GC heap after
Heap after GC invocations=52 (full 9):
 PSYoungGen      total 494080K, used 203194K [0x000000076ab00000, 0x000000079a480000, 0x00000007c0000000)
  eden space 289792K, 0% used [0x000000076ab00000,0x000000076ab00000,0x000000077c600000)
  from space 204288K, 99% used [0x000000077c600000,0x0000000788c6e8a0,0x0000000788d80000)
  to   space 236032K, 0% used [0x000000078be00000,0x000000078be00000,0x000000079a480000)
 ParOldGen       total 644096K, used 551323K [0x00000006c0000000, 0x00000006e7500000, 0x000000076ab00000)
  object space 644096K, 85% used [0x00000006c0000000,0x00000006e1a66fe8,0x00000006e7500000)
 Metaspace       used 6302K, capacity 7128K, committed 7424K, reserved 1056768K
  class space    used 621K, capacity 656K, committed 768K, reserved 1048576K
}
Event: 68.184 GC heap before
{Heap before GC invocations=53 (full 9):
 PSYoungGen      total 494080K, used 492986K [0x000000076ab00000, 0x000000079a480000, 0x00000007c0000000)
  eden space 289792K, 100% used [0x000000076ab00000,0x000000077c600000,0x000000077c600000)
  from space 204288K, 99% used [0x000000077c600000,0x0000000788c6e8a0,0x0000000788d80000)
  to   space 236032K, 0% used [0x000000078be00000,0x000000078be00000,0x000000079a480000)
 ParOldGen       total 644096K, used 551323K [0x00000006c0000000, 0x00000006e7500000, 0x000000076ab00000)
  object space 644096K, 85% used [0x00000006c0000000,0x00000006e1a66fe8,0x00000006e7500000)
 Metaspace       used 6394K, capacity 7192K, committed 7424K, reserved 1056768K
  class space    used 627K, capacity 656K, committed 768K, reserved 1048576K
Event: 68.723 GC heap after
Heap after GC invocations=53 (full 9):
 PSYoungGen      total 505344K, used 236020K [0x000000076ab00000, 0x000000079ef00000, 0x00000007c0000000)
  eden space 269312K, 0% used [0x000000076ab00000,0x000000076ab00000,0x000000077b200000)
  from space 236032K, 99% used [0x000000078be00000,0x000000079a47d148,0x000000079a480000)
  to   space 274432K, 0% used [0x000000077b200000,0x000000077b200000,0x000000078be00000)
 ParOldGen       total 644096K, used 554191K [0x00000006c0000000, 0x00000006e7500000, 0x000000076ab00000)
  object space 644096K, 86% used [0x00000006c0000000,0x00000006e1d33d08,0x00000006e7500000)
 Metaspace       used 6394K, capacity 7192K, committed 7424K, reserved 1056768K
  class space    used 627K, capacity 656K, committed 768K, reserved 1048576K
}
Event: 72.304 GC heap before
{Heap before GC invocations=54 (full 9):
 PSYoungGen      total 505344K, used 505332K [0x000000076ab00000, 0x000000079ef00000, 0x00000007c0000000)
  eden space 269312K, 100% used [0x000000076ab00000,0x000000077b200000,0x000000077b200000)
  from space 236032K, 99% used [0x000000078be00000,0x000000079a47d148,0x000000079a480000)
  to   space 274432K, 0% used [0x000000077b200000,0x000000077b200000,0x000000078be00000)
 ParOldGen       total 644096K, used 554191K [0x00000006c0000000, 0x00000006e7500000, 0x000000076ab00000)
  object space 644096K, 86% used [0x00000006c0000000,0x00000006e1d33d08,0x00000006e7500000)
 Metaspace       used 6632K, capacity 7416K, committed 7680K, reserved 1056768K
  class space    used 640K, capacity 688K, committed 768K, reserved 1048576K

