# JRE version: Java(TM) SE Runtime Environment (8.0_11-b12) (build 1.8.0_11-b12)
# Java VM: Java HotSpot(TM) 64-Bit Server VM (25.11-b03 mixed mode windows-amd64 compressed oops)
Heap:
 PSYoungGen      total 547840K, used 408082K [0x000000076ab00000, 0x00000007adb80000, 0x00000007c0000000)
  eden space 158720K, 27% used [0x000000076ab00000,0x000000076d4e2ba8,0x0000000774600000)
  from space 389120K, 93% used [0x000000078f680000,0x00000007a5b21c88,0x00000007a7280000)
  to   space 442880K, 0% used [0x0000000774600000,0x0000000774600000,0x000000078f680000)
 ParOldGen       total 756224K, used 627095K [0x00000006c0000000, 0x00000006ee280000, 0x000000076ab00000)
  object space 756224K, 82% used [0x00000006c0000000,0x00000006e6465e58,0x00000006ee280000)
 Metaspace       used 6607K, capacity 7416K, committed 7680K, reserved 1056768K
  class space    used 641K, capacity 688K, committed 768K, reserved 1048576K
GC Heap History (10 events):
Event: 66.345 GC heap before
{Heap before GC invocations=61 (full 9):
 PSYoungGen      total 453632K, used 427796K [0x000000076ab00000, 0x0000000796b00000, 0x00000007c0000000)
  eden space 245248K, 100% used [0x000000076ab00000,0x0000000779a80000,0x0000000779a80000)
  from space 208384K, 87% used [0x0000000779a80000,0x0000000784cc5058,0x0000000786600000)
  to   space 231424K, 0% used [0x0000000788900000,0x0000000788900000,0x0000000796b00000)
 ParOldGen       total 756224K, used 627079K [0x00000006c0000000, 0x00000006ee280000, 0x000000076ab00000)
  object space 756224K, 82% used [0x00000006c0000000,0x00000006e6461e58,0x00000006ee280000)
 Metaspace       used 6297K, capacity 7128K, committed 7424K, reserved 1056768K
  class space    used 622K, capacity 656K, committed 768K, reserved 1048576K
Event: 66.666 GC heap after
Heap after GC invocations=61 (full 9):
 PSYoungGen      total 457728K, used 220202K [0x000000076ab00000, 0x000000079ac00000, 0x00000007c0000000)
  eden space 226304K, 0% used [0x000000076ab00000,0x000000076ab00000,0x0000000778800000)
  from space 231424K, 95% used [0x0000000788900000,0x000000079600ab50,0x0000000796b00000)
  to   space 263168K, 0% used [0x0000000778800000,0x0000000778800000,0x0000000788900000)
 ParOldGen       total 756224K, used 627079K [0x00000006c0000000, 0x00000006ee280000, 0x000000076ab00000)
  object space 756224K, 82% used [0x00000006c0000000,0x00000006e6461e58,0x00000006ee280000)
 Metaspace       used 6297K, capacity 7128K, committed 7424K, reserved 1056768K
  class space    used 622K, capacity 656K, committed 768K, reserved 1048576K
}
Event: 68.337 GC heap before
{Heap before GC invocations=62 (full 9):
 PSYoungGen      total 457728K, used 446506K [0x000000076ab00000, 0x000000079ac00000, 0x00000007c0000000)
  eden space 226304K, 100% used [0x000000076ab00000,0x0000000778800000,0x0000000778800000)
  from space 231424K, 95% used [0x0000000788900000,0x000000079600ab50,0x0000000796b00000)
  to   space 263168K, 0% used [0x0000000778800000,0x0000000778800000,0x0000000788900000)
 ParOldGen       total 756224K, used 627079K [0x00000006c0000000, 0x00000006ee280000, 0x000000076ab00000)
  object space 756224K, 82% used [0x00000006c0000000,0x00000006e6461e58,0x00000006ee280000)
 Metaspace       used 6392K, capacity 7192K, committed 7424K, reserved 1056768K
  class space    used 628K, capacity 656K, committed 768K, reserved 1048576K
Event: 68.827 GC heap after
Heap after GC invocations=62 (full 9):
 PSYoungGen      total 489472K, used 248812K [0x000000076ab00000, 0x000000079de00000, 0x00000007c0000000)
  eden space 226304K, 0% used [0x000000076ab00000,0x000000076ab00000,0x0000000778800000)
  from space 263168K, 94% used [0x0000000778800000,0x0000000787afb000,0x0000000788900000)
  to   space 299008K, 0% used [0x000000078ba00000,0x000000078ba00000,0x000000079de00000)
 ParOldGen       total 756224K, used 627079K [0x00000006c0000000, 0x00000006ee280000, 0x000000076ab00000)
  object space 756224K, 82% used [0x00000006c0000000,0x00000006e6461e58,0x00000006ee280000)
 Metaspace       used 6392K, capacity 7192K, committed 7424K, reserved 1056768K
  class space    used 628K, capacity 656K, committed 768K, reserved 1048576K
}
Event: 70.233 GC heap before
{Heap before GC invocations=63 (full 9):
 PSYoungGen      total 489472K, used 475116K [0x000000076ab00000, 0x000000079de00000, 0x00000007c0000000)
  eden space 226304K, 100% used [0x000000076ab00000,0x0000000778800000,0x0000000778800000)
  from space 263168K, 94% used [0x0000000778800000,0x0000000787afb000,0x0000000788900000)
  to   space 299008K, 0% used [0x000000078ba00000,0x000000078ba00000,0x000000079de00000)
 ParOldGen       total 756224K, used 627079K [0x00000006c0000000, 0x00000006ee280000, 0x000000076ab00000)
  object space 756224K, 82% used [0x00000006c0000000,0x00000006e6461e58,0x00000006ee280000)
 Metaspace       used 6508K, capacity 7288K, committed 7424K, reserved 1056768K
  class space    used 639K, capacity 688K, committed 768K, reserved 1048576K
Event: 70.698 GC heap after
Heap after GC invocations=63 (full 9):
 PSYoungGen      total 497152K, used 285961K [0x000000076ab00000, 0x00000007a3100000, 0x00000007c0000000)
  eden space 198144K, 0% used [0x000000076ab00000,0x000000076ab00000,0x0000000776c80000)
  from space 299008K, 95% used [0x000000078ba00000,0x000000079d1425f0,0x000000079de00000)
  to   space 341504K, 0% used [0x0000000776c80000,0x0000000776c80000,0x000000078ba00000)
 ParOldGen       total 756224K, used 627087K [0x00000006c0000000, 0x00000006ee280000, 0x000000076ab00000)
  object space 756224K, 82% used [0x00000006c0000000,0x00000006e6463e58,0x00000006ee280000)
 Metaspace       used 6508K, capacity 7288K, committed 7424K, reserved 1056768K
  class space    used 639K, capacity 688K, committed 768K, reserved 1048576K
}
Event: 71.627 GC heap before
{Heap before GC invocations=64 (full 9):
 PSYoungGen      total 497152K, used 484105K [0x000000076ab00000, 0x00000007a3100000, 0x00000007c0000000)
  eden space 198144K, 100% used [0x000000076ab00000,0x0000000776c80000,0x0000000776c80000)
  from space 299008K, 95% used [0x000000078ba00000,0x000000079d1425f0,0x000000079de00000)
  to   space 341504K, 0% used [0x0000000776c80000,0x0000000776c80000,0x000000078ba00000)
 ParOldGen       total 756224K, used 627087K [0x00000006c0000000, 0x00000006ee280000, 0x000000076ab00000)
  object space 756224K, 82% used [0x00000006c0000000,0x00000006e6463e58,0x00000006ee280000)
 Metaspace       used 6598K, capacity 7416K, committed 7680K, reserved 1056768K
  class space    used 640K, capacity 688K, committed 768K, reserved 1048576K
Event: 72.362 GC heap after
Heap after GC invocations=64 (full 9):
 PSYoungGen      total 539648K, used 323952K [0x000000076ab00000, 0x00000007a7280000, 0x00000007c0000000)
  eden space 198144K, 0% used [0x000000076ab00000,0x000000076ab00000,0x0000000776c80000)
  from space 341504K, 94% used [0x0000000776c80000,0x000000078a8dc3a0,0x000000078ba00000)
  to   space 389120K, 0% used [0x000000078f680000,0x000000078f680000,0x00000007a7280000)
 ParOldGen       total 756224K, used 627095K [0x00000006c0000000, 0x00000006ee280000, 0x000000076ab00000)
  object space 756224K, 82% used [0x00000006c0000000,0x00000006e6465e58,0x00000006ee280000)
 Metaspace       used 6598K, capacity 7416K, committed 7680K, reserved 1056768K
  class space    used 640K, capacity 688K, committed 768K, reserved 1048576K
}
Event: 73.964 GC heap before
{Heap before GC invocations=65 (full 9):
 PSYoungGen      total 539648K, used 522096K [0x000000076ab00000, 0x00000007a7280000, 0x00000007c0000000)
  eden space 198144K, 100% used [0x000000076ab00000,0x0000000776c80000,0x0000000776c80000)
  from space 341504K, 94% used [0x0000000776c80000,0x000000078a8dc3a0,0x000000078ba00000)
  to   space 389120K, 0% used [0x000000078f680000,0x000000078f680000,0x00000007a7280000)
 ParOldGen       total 756224K, used 627095K [0x00000006c0000000, 0x00000006ee280000, 0x000000076ab00000)
  object space 756224K, 82% used [0x00000006c0000000,0x00000006e6465e58,0x00000006ee280000)
 Metaspace       used 6607K, capacity 7416K, committed 7680K, reserved 1056768K
  class space    used 641K, capacity 688K, committed 768K, reserved 1048576K
Event: 74.544 GC heap after
Heap after GC invocations=65 (full 9):
 PSYoungGen      total 547840K, used 365191K [0x000000076ab00000, 0x00000007adb80000, 0x00000007c0000000)
  eden space 158720K, 0% used [0x000000076ab00000,0x000000076ab00000,0x0000000774600000)
  from space 389120K, 93% used [0x000000078f680000,0x00000007a5b21c88,0x00000007a7280000)
  to   space 442880K, 0% used [0x0000000774600000,0x0000000774600000,0x000000078f680000)
 ParOldGen       total 756224K, used 627095K [0x00000006c0000000, 0x00000006ee280000, 0x000000076ab00000)
  object space 756224K, 82% used [0x00000006c0000000,0x00000006e6465e58,0x00000006ee280000)
 Metaspace       used 6607K, capacity 7416K, committed 7680K, reserved 1056768K
  class space    used 641K, capacity 688K, committed 768K, reserved 1048576K
}

