# JRE version: Java(TM) SE Runtime Environment (8.0_11-b12) (build 1.8.0_11-b12)
# Java VM: Java HotSpot(TM) 64-Bit Server VM (25.11-b03 mixed mode windows-amd64 compressed oops)
Heap:
 PSYoungGen      total 438272K, used 119611K [0x000000076ab00000, 0x0000000793100000, 0x00000007c0000000)
  eden space 228864K, 0% used [0x000000076ab00000,0x000000076ab00000,0x0000000778a80000)
  from space 209408K, 57% used [0x0000000778a80000,0x000000077ff4ecb0,0x0000000785700000)
  to   space 212480K, 0% used [0x0000000786180000,0x0000000786180000,0x0000000793100000)
 ParOldGen       total 655360K, used 635286K [0x00000006c0000000, 0x00000006e8000000, 0x000000076ab00000)
  object space 655360K, 96% used [0x00000006c0000000,0x00000006e6c65ab8,0x00000006e8000000)
 Metaspace       used 6306K, capacity 7128K, committed 7424K, reserved 1056768K
  class space    used 622K, capacity 656K, committed 768K, reserved 1048576K
GC Heap History (10 events):
Event: 54.734 GC heap after
Heap after GC invocations=48 (full 7):
 PSYoungGen      total 391168K, used 122858K [0x000000076ab00000, 0x000000078f280000, 0x00000007c0000000)
  eden space 268288K, 0% used [0x000000076ab00000,0x000000076ab00000,0x000000077b100000)
  from space 122880K, 99% used [0x000000077b100000,0x00000007828fa850,0x0000000782900000)
  to   space 159232K, 0% used [0x0000000785700000,0x0000000785700000,0x000000078f280000)
 ParOldGen       total 497152K, used 478770K [0x00000006c0000000, 0x00000006de580000, 0x000000076ab00000)
  object space 497152K, 96% used [0x00000006c0000000,0x00000006dd38c8a8,0x00000006de580000)
 Metaspace       used 6306K, capacity 7128K, committed 7424K, reserved 1056768K
  class space    used 622K, capacity 656K, committed 768K, reserved 1048576K
}
Event: 54.734 GC heap before
{Heap before GC invocations=49 (full 8):
 PSYoungGen      total 391168K, used 122858K [0x000000076ab00000, 0x000000078f280000, 0x00000007c0000000)
  eden space 268288K, 0% used [0x000000076ab00000,0x000000076ab00000,0x000000077b100000)
  from space 122880K, 99% used [0x000000077b100000,0x00000007828fa850,0x0000000782900000)
  to   space 159232K, 0% used [0x0000000785700000,0x0000000785700000,0x000000078f280000)
 ParOldGen       total 497152K, used 478770K [0x00000006c0000000, 0x00000006de580000, 0x000000076ab00000)
  object space 497152K, 96% used [0x00000006c0000000,0x00000006dd38c8a8,0x00000006de580000)
 Metaspace       used 6306K, capacity 7128K, committed 7424K, reserved 1056768K
  class space    used 622K, capacity 656K, committed 768K, reserved 1048576K
Event: 60.104 GC heap after
Heap after GC invocations=49 (full 8):
 PSYoungGen      total 391168K, used 103620K [0x000000076ab00000, 0x000000078f280000, 0x00000007c0000000)
  eden space 268288K, 0% used [0x000000076ab00000,0x000000076ab00000,0x000000077b100000)
  from space 122880K, 84% used [0x000000077b100000,0x00000007816311b0,0x0000000782900000)
  to   space 159232K, 0% used [0x0000000785700000,0x0000000785700000,0x000000078f280000)
 ParOldGen       total 567296K, used 496845K [0x00000006c0000000, 0x00000006e2a00000, 0x000000076ab00000)
  object space 567296K, 87% used [0x00000006c0000000,0x00000006de533620,0x00000006e2a00000)
 Metaspace       used 6306K, capacity 7128K, committed 7424K, reserved 1056768K
  class space    used 622K, capacity 656K, committed 768K, reserved 1048576K
}
Event: 61.033 GC heap before
{Heap before GC invocations=50 (full 8):
 PSYoungGen      total 391168K, used 371908K [0x000000076ab00000, 0x000000078f280000, 0x00000007c0000000)
  eden space 268288K, 100% used [0x000000076ab00000,0x000000077b100000,0x000000077b100000)
  from space 122880K, 84% used [0x000000077b100000,0x00000007816311b0,0x0000000782900000)
  to   space 159232K, 0% used [0x0000000785700000,0x0000000785700000,0x000000078f280000)
 ParOldGen       total 567296K, used 496845K [0x00000006c0000000, 0x00000006e2a00000, 0x000000076ab00000)
  object space 567296K, 87% used [0x00000006c0000000,0x00000006de533620,0x00000006e2a00000)
 Metaspace       used 6306K, capacity 7128K, committed 7424K, reserved 1056768K
  class space    used 622K, capacity 656K, committed 768K, reserved 1048576K
Event: 61.552 GC heap after
Heap after GC invocations=50 (full 8):
 PSYoungGen      total 388096K, used 159211K [0x000000076ab00000, 0x0000000795380000, 0x00000007c0000000)
  eden space 228864K, 0% used [0x000000076ab00000,0x000000076ab00000,0x0000000778a80000)
  from space 159232K, 99% used [0x0000000785700000,0x000000078f27ace0,0x000000078f280000)
  to   space 209408K, 0% used [0x0000000778a80000,0x0000000778a80000,0x0000000785700000)
 ParOldGen       total 567296K, used 560340K [0x00000006c0000000, 0x00000006e2a00000, 0x000000076ab00000)
  object space 567296K, 98% used [0x00000006c0000000,0x00000006e23350b8,0x00000006e2a00000)
 Metaspace       used 6306K, capacity 7128K, committed 7424K, reserved 1056768K
  class space    used 622K, capacity 656K, committed 768K, reserved 1048576K
}
Event: 61.552 GC heap before
{Heap before GC invocations=51 (full 9):
 PSYoungGen      total 388096K, used 159211K [0x000000076ab00000, 0x0000000795380000, 0x00000007c0000000)
  eden space 228864K, 0% used [0x000000076ab00000,0x000000076ab00000,0x0000000778a80000)
  from space 159232K, 99% used [0x0000000785700000,0x000000078f27ace0,0x000000078f280000)
  to   space 209408K, 0% used [0x0000000778a80000,0x0000000778a80000,0x0000000785700000)
 ParOldGen       total 567296K, used 560340K [0x00000006c0000000, 0x00000006e2a00000, 0x000000076ab00000)
  object space 567296K, 98% used [0x00000006c0000000,0x00000006e23350b8,0x00000006e2a00000)
 Metaspace       used 6306K, capacity 7128K, committed 7424K, reserved 1056768K
  class space    used 622K, capacity 656K, committed 768K, reserved 1048576K
Event: 66.152 GC heap after
Heap after GC invocations=51 (full 9):
 PSYoungGen      total 388096K, used 146238K [0x000000076ab00000, 0x0000000795380000, 0x00000007c0000000)
  eden space 228864K, 0% used [0x000000076ab00000,0x000000076ab00000,0x0000000778a80000)
  from space 159232K, 91% used [0x0000000785700000,0x000000078e5cf808,0x000000078f280000)
  to   space 209408K, 0% used [0x0000000778a80000,0x0000000778a80000,0x0000000785700000)
 ParOldGen       total 655360K, used 566786K [0x00000006c0000000, 0x00000006e8000000, 0x000000076ab00000)
  object space 655360K, 86% used [0x00000006c0000000,0x00000006e29808f0,0x00000006e8000000)
 Metaspace       used 6306K, capacity 7128K, committed 7424K, reserved 1056768K
  class space    used 622K, capacity 656K, committed 768K, reserved 1048576K
}
Event: 66.970 GC heap before
{Heap before GC invocations=52 (full 9):
 PSYoungGen      total 388096K, used 375102K [0x000000076ab00000, 0x0000000795380000, 0x00000007c0000000)
  eden space 228864K, 100% used [0x000000076ab00000,0x0000000778a80000,0x0000000778a80000)
  from space 159232K, 91% used [0x0000000785700000,0x000000078e5cf808,0x000000078f280000)
  to   space 209408K, 0% used [0x0000000778a80000,0x0000000778a80000,0x0000000785700000)
 ParOldGen       total 655360K, used 566786K [0x00000006c0000000, 0x00000006e8000000, 0x000000076ab00000)
  object space 655360K, 86% used [0x00000006c0000000,0x00000006e29808f0,0x00000006e8000000)
 Metaspace       used 6306K, capacity 7128K, committed 7424K, reserved 1056768K
  class space    used 622K, capacity 656K, committed 768K, reserved 1048576K
Event: 67.535 GC heap after
Heap after GC invocations=52 (full 9):
 PSYoungGen      total 438272K, used 119611K [0x000000076ab00000, 0x0000000793100000, 0x00000007c0000000)
  eden space 228864K, 0% used [0x000000076ab00000,0x000000076ab00000,0x0000000778a80000)
  from space 209408K, 57% used [0x0000000778a80000,0x000000077ff4ecb0,0x0000000785700000)
  to   space 212480K, 0% used [0x0000000786180000,0x0000000786180000,0x0000000793100000)
 ParOldGen       total 655360K, used 635286K [0x00000006c0000000, 0x00000006e8000000, 0x000000076ab00000)
  object space 655360K, 96% used [0x00000006c0000000,0x00000006e6c65ab8,0x00000006e8000000)
 Metaspace       used 6306K, capacity 7128K, committed 7424K, reserved 1056768K
  class space    used 622K, capacity 656K, committed 768K, reserved 1048576K
}
Event: 67.535 GC heap before
{Heap before GC invocations=53 (full 10):
 PSYoungGen      total 438272K, used 119611K [0x000000076ab00000, 0x0000000793100000, 0x00000007c0000000)
  eden space 228864K, 0% used [0x000000076ab00000,0x000000076ab00000,0x0000000778a80000)
  from space 209408K, 57% used [0x0000000778a80000,0x000000077ff4ecb0,0x0000000785700000)
  to   space 212480K, 0% used [0x0000000786180000,0x0000000786180000,0x0000000793100000)
 ParOldGen       total 655360K, used 635286K [0x00000006c0000000, 0x00000006e8000000, 0x000000076ab00000)
  object space 655360K, 96% used [0x00000006c0000000,0x00000006e6c65ab8,0x00000006e8000000)
 Metaspace       used 6306K, capacity 7128K, committed 7424K, reserved 1056768K
  class space    used 622K, capacity 656K, committed 768K, reserved 1048576K

