# JRE version: Java(TM) SE Runtime Environment (8.0_11-b12) (build 1.8.0_11-b12)
# Java VM: Java HotSpot(TM) 64-Bit Server VM (25.11-b03 mixed mode windows-amd64 compressed oops)
Heap:
 PSYoungGen      total 313856K, used 59008K [0x000000076ab00000, 0x0000000784080000, 0x00000007c0000000)
  eden space 238080K, 0% used [0x000000076ab00000,0x000000076ab00000,0x0000000779380000)
  from space 75776K, 77% used [0x0000000779380000,0x000000077cd20238,0x000000077dd80000)
  to   space 82944K, 0% used [0x000000077ef80000,0x000000077ef80000,0x0000000784080000)
 ParOldGen       total 290304K, used 290275K [0x00000006c0000000, 0x00000006d1b80000, 0x000000076ab00000)
  object space 290304K, 99% used [0x00000006c0000000,0x00000006d1b78e30,0x00000006d1b80000)
 Metaspace       used 6286K, capacity 7128K, committed 7424K, reserved 1056768K
  class space    used 621K, capacity 656K, committed 768K, reserved 1048576K
GC Heap History (10 events):
Event: 23.784 GC heap after
Heap after GC invocations=38 (full 2):
 PSYoungGen      total 280064K, used 10643K [0x000000076ab00000, 0x0000000780580000, 0x00000007c0000000)
  eden space 244736K, 0% used [0x000000076ab00000,0x000000076ab00000,0x0000000779a00000)
  from space 35328K, 30% used [0x000000077e300000,0x000000077ed64cd0,0x0000000780580000)
  to   space 47616K, 0% used [0x000000077a880000,0x000000077a880000,0x000000077d700000)
 ParOldGen       total 253440K, used 223849K [0x00000006c0000000, 0x00000006cf780000, 0x000000076ab00000)
  object space 253440K, 88% used [0x00000006c0000000,0x00000006cda9a678,0x00000006cf780000)
 Metaspace       used 6280K, capacity 7128K, committed 7424K, reserved 1056768K
  class space    used 621K, capacity 656K, committed 768K, reserved 1048576K
}
Event: 25.366 GC heap before
{Heap before GC invocations=39 (full 2):
 PSYoungGen      total 280064K, used 255379K [0x000000076ab00000, 0x0000000780580000, 0x00000007c0000000)
  eden space 244736K, 100% used [0x000000076ab00000,0x0000000779a00000,0x0000000779a00000)
  from space 35328K, 30% used [0x000000077e300000,0x000000077ed64cd0,0x0000000780580000)
  to   space 47616K, 0% used [0x000000077a880000,0x000000077a880000,0x000000077d700000)
 ParOldGen       total 253440K, used 223849K [0x00000006c0000000, 0x00000006cf780000, 0x000000076ab00000)
  object space 253440K, 88% used [0x00000006c0000000,0x00000006cda9a678,0x00000006cf780000)
 Metaspace       used 6284K, capacity 7128K, committed 7424K, reserved 1056768K
  class space    used 621K, capacity 656K, committed 768K, reserved 1048576K
Event: 25.910 GC heap after
Heap after GC invocations=39 (full 2):
 PSYoungGen      total 306176K, used 47301K [0x000000076ab00000, 0x0000000781380000, 0x00000007c0000000)
  eden space 258560K, 0% used [0x000000076ab00000,0x000000076ab00000,0x000000077a780000)
  from space 47616K, 99% used [0x000000077a880000,0x000000077d6b1660,0x000000077d700000)
  to   space 55296K, 0% used [0x000000077dd80000,0x000000077dd80000,0x0000000781380000)
 ParOldGen       total 253440K, used 223849K [0x00000006c0000000, 0x00000006cf780000, 0x000000076ab00000)
  object space 253440K, 88% used [0x00000006c0000000,0x00000006cda9a678,0x00000006cf780000)
 Metaspace       used 6284K, capacity 7128K, committed 7424K, reserved 1056768K
  class space    used 621K, capacity 656K, committed 768K, reserved 1048576K
}
Event: 27.598 GC heap before
{Heap before GC invocations=40 (full 2):
 PSYoungGen      total 306176K, used 305861K [0x000000076ab00000, 0x0000000781380000, 0x00000007c0000000)
  eden space 258560K, 100% used [0x000000076ab00000,0x000000077a780000,0x000000077a780000)
  from space 47616K, 99% used [0x000000077a880000,0x000000077d6b1660,0x000000077d700000)
  to   space 55296K, 0% used [0x000000077dd80000,0x000000077dd80000,0x0000000781380000)
 ParOldGen       total 253440K, used 223849K [0x00000006c0000000, 0x00000006cf780000, 0x000000076ab00000)
  object space 253440K, 88% used [0x00000006c0000000,0x00000006cda9a678,0x00000006cf780000)
 Metaspace       used 6286K, capacity 7128K, committed 7424K, reserved 1056768K
  class space    used 621K, capacity 656K, committed 768K, reserved 1048576K
Event: 27.768 GC heap after
Heap after GC invocations=40 (full 2):
 PSYoungGen      total 293376K, used 55273K [0x000000076ab00000, 0x0000000784980000, 0x00000007c0000000)
  eden space 238080K, 0% used [0x000000076ab00000,0x000000076ab00000,0x0000000779380000)
  from space 55296K, 99% used [0x000000077dd80000,0x000000078137a510,0x0000000781380000)
  to   space 75776K, 0% used [0x0000000779380000,0x0000000779380000,0x000000077dd80000)
 ParOldGen       total 254464K, used 254316K [0x00000006c0000000, 0x00000006cf880000, 0x000000076ab00000)
  object space 254464K, 99% used [0x00000006c0000000,0x00000006cf85b100,0x00000006cf880000)
 Metaspace       used 6286K, capacity 7128K, committed 7424K, reserved 1056768K
  class space    used 621K, capacity 656K, committed 768K, reserved 1048576K
}
Event: 27.768 GC heap before
{Heap before GC invocations=41 (full 3):
 PSYoungGen      total 293376K, used 55273K [0x000000076ab00000, 0x0000000784980000, 0x00000007c0000000)
  eden space 238080K, 0% used [0x000000076ab00000,0x000000076ab00000,0x0000000779380000)
  from space 55296K, 99% used [0x000000077dd80000,0x000000078137a510,0x0000000781380000)
  to   space 75776K, 0% used [0x0000000779380000,0x0000000779380000,0x000000077dd80000)
 ParOldGen       total 254464K, used 254316K [0x00000006c0000000, 0x00000006cf880000, 0x000000076ab00000)
  object space 254464K, 99% used [0x00000006c0000000,0x00000006cf85b100,0x00000006cf880000)
 Metaspace       used 6286K, capacity 7128K, committed 7424K, reserved 1056768K
  class space    used 621K, capacity 656K, committed 768K, reserved 1048576K
Event: 31.790 GC heap after
Heap after GC invocations=41 (full 3):
 PSYoungGen      total 293376K, used 54373K [0x000000076ab00000, 0x0000000784980000, 0x00000007c0000000)
  eden space 238080K, 0% used [0x000000076ab00000,0x000000076ab00000,0x0000000779380000)
  from space 55296K, 98% used [0x000000077dd80000,0x00000007812995b8,0x0000000781380000)
  to   space 75776K, 0% used [0x0000000779380000,0x0000000779380000,0x000000077dd80000)
 ParOldGen       total 290304K, used 254282K [0x00000006c0000000, 0x00000006d1b80000, 0x000000076ab00000)
  object space 290304K, 87% used [0x00000006c0000000,0x00000006cf852998,0x00000006d1b80000)
 Metaspace       used 6286K, capacity 7128K, committed 7424K, reserved 1056768K
  class space    used 621K, capacity 656K, committed 768K, reserved 1048576K
}
Event: 33.312 GC heap before
{Heap before GC invocations=42 (full 3):
 PSYoungGen      total 293376K, used 292453K [0x000000076ab00000, 0x0000000784980000, 0x00000007c0000000)
  eden space 238080K, 100% used [0x000000076ab00000,0x0000000779380000,0x0000000779380000)
  from space 55296K, 98% used [0x000000077dd80000,0x00000007812995b8,0x0000000781380000)
  to   space 75776K, 0% used [0x0000000779380000,0x0000000779380000,0x000000077dd80000)
 ParOldGen       total 290304K, used 254282K [0x00000006c0000000, 0x00000006d1b80000, 0x000000076ab00000)
  object space 290304K, 87% used [0x00000006c0000000,0x00000006cf852998,0x00000006d1b80000)
 Metaspace       used 6286K, capacity 7128K, committed 7424K, reserved 1056768K
  class space    used 621K, capacity 656K, committed 768K, reserved 1048576K
Event: 33.725 GC heap after
Heap after GC invocations=42 (full 3):
 PSYoungGen      total 313856K, used 59008K [0x000000076ab00000, 0x0000000784080000, 0x00000007c0000000)
  eden space 238080K, 0% used [0x000000076ab00000,0x000000076ab00000,0x0000000779380000)
  from space 75776K, 77% used [0x0000000779380000,0x000000077cd20238,0x000000077dd80000)
  to   space 82944K, 0% used [0x000000077ef80000,0x000000077ef80000,0x0000000784080000)
 ParOldGen       total 290304K, used 290275K [0x00000006c0000000, 0x00000006d1b80000, 0x000000076ab00000)
  object space 290304K, 99% used [0x00000006c0000000,0x00000006d1b78e30,0x00000006d1b80000)
 Metaspace       used 6286K, capacity 7128K, committed 7424K, reserved 1056768K
  class space    used 621K, capacity 656K, committed 768K, reserved 1048576K
}
Event: 33.725 GC heap before
{Heap before GC invocations=43 (full 4):
 PSYoungGen      total 313856K, used 59008K [0x000000076ab00000, 0x0000000784080000, 0x00000007c0000000)
  eden space 238080K, 0% used [0x000000076ab00000,0x000000076ab00000,0x0000000779380000)
  from space 75776K, 77% used [0x0000000779380000,0x000000077cd20238,0x000000077dd80000)
  to   space 82944K, 0% used [0x000000077ef80000,0x000000077ef80000,0x0000000784080000)
 ParOldGen       total 290304K, used 290275K [0x00000006c0000000, 0x00000006d1b80000, 0x000000076ab00000)
  object space 290304K, 99% used [0x00000006c0000000,0x00000006d1b78e30,0x00000006d1b80000)
 Metaspace       used 6286K, capacity 7128K, committed 7424K, reserved 1056768K
  class space    used 621K, capacity 656K, committed 768K, reserved 1048576K

