# JRE version: Java(TM) SE Runtime Environment (8.0_11-b12) (build 1.8.0_11-b12)
# Java VM: Java HotSpot(TM) 64-Bit Server VM (25.11-b03 mixed mode windows-amd64 compressed oops)
Heap:
 PSYoungGen      total 318464K, used 31760K [0x000000076ab00000, 0x0000000781380000, 0x00000007c0000000)
  eden space 281600K, 0% used [0x000000076ab00000,0x000000076ab00000,0x000000077be00000)
  from space 36864K, 86% used [0x000000077e680000,0x0000000780584038,0x0000000780a80000)
  to   space 41472K, 0% used [0x000000077be00000,0x000000077be00000,0x000000077e680000)
 ParOldGen       total 195072K, used 165308K [0x00000006c0000000, 0x00000006cbe80000, 0x000000076ab00000)
  object space 195072K, 84% used [0x00000006c0000000,0x00000006ca16f078,0x00000006cbe80000)
 Metaspace       used 6273K, capacity 7128K, committed 7424K, reserved 1056768K
  class space    used 620K, capacity 656K, committed 768K, reserved 1048576K
GC Heap History (10 events):
Event: 10.342 GC heap after
Heap after GC invocations=24 (full 0):
 PSYoungGen      total 190976K, used 18208K [0x000000076ab00000, 0x0000000778300000, 0x00000007c0000000)
  eden space 169984K, 0% used [0x000000076ab00000,0x000000076ab00000,0x0000000775100000)
  from space 20992K, 86% used [0x0000000776880000,0x0000000777a48010,0x0000000777d00000)
  to   space 24064K, 0% used [0x0000000775100000,0x0000000775100000,0x0000000776880000)
 ParOldGen       total 195072K, used 80719K [0x00000006c0000000, 0x00000006cbe80000, 0x000000076ab00000)
  object space 195072K, 41% used [0x00000006c0000000,0x00000006c4ed3f30,0x00000006cbe80000)
 Metaspace       used 6243K, capacity 7064K, committed 7424K, reserved 1056768K
  class space    used 619K, capacity 656K, committed 768K, reserved 1048576K
}
Event: 12.946 GC heap before
{Heap before GC invocations=25 (full 0):
 PSYoungGen      total 190976K, used 188192K [0x000000076ab00000, 0x0000000778300000, 0x00000007c0000000)
  eden space 169984K, 100% used [0x000000076ab00000,0x0000000775100000,0x0000000775100000)
  from space 20992K, 86% used [0x0000000776880000,0x0000000777a48010,0x0000000777d00000)
  to   space 24064K, 0% used [0x0000000775100000,0x0000000775100000,0x0000000776880000)
 ParOldGen       total 195072K, used 80719K [0x00000006c0000000, 0x00000006cbe80000, 0x000000076ab00000)
  object space 195072K, 41% used [0x00000006c0000000,0x00000006c4ed3f30,0x00000006cbe80000)
 Metaspace       used 6256K, capacity 7128K, committed 7424K, reserved 1056768K
  class space    used 619K, capacity 656K, committed 768K, reserved 1048576K
Event: 13.060 GC heap after
Heap after GC invocations=25 (full 0):
 PSYoungGen      total 194048K, used 24046K [0x000000076ab00000, 0x000000077c900000, 0x00000007c0000000)
  eden space 169984K, 0% used [0x000000076ab00000,0x000000076ab00000,0x0000000775100000)
  from space 24064K, 99% used [0x0000000775100000,0x000000077687b848,0x0000000776880000)
  to   space 35840K, 0% used [0x000000077a600000,0x000000077a600000,0x000000077c900000)
 ParOldGen       total 195072K, used 101359K [0x00000006c0000000, 0x00000006cbe80000, 0x000000076ab00000)
  object space 195072K, 51% used [0x00000006c0000000,0x00000006c62fbd98,0x00000006cbe80000)
 Metaspace       used 6256K, capacity 7128K, committed 7424K, reserved 1056768K
  class space    used 619K, capacity 656K, committed 768K, reserved 1048576K
}
Event: 14.624 GC heap before
{Heap before GC invocations=26 (full 0):
 PSYoungGen      total 194048K, used 194030K [0x000000076ab00000, 0x000000077c900000, 0x00000007c0000000)
  eden space 169984K, 100% used [0x000000076ab00000,0x0000000775100000,0x0000000775100000)
  from space 24064K, 99% used [0x0000000775100000,0x000000077687b848,0x0000000776880000)
  to   space 35840K, 0% used [0x000000077a600000,0x000000077a600000,0x000000077c900000)
 ParOldGen       total 195072K, used 101359K [0x00000006c0000000, 0x00000006cbe80000, 0x000000076ab00000)
  object space 195072K, 51% used [0x00000006c0000000,0x00000006c62fbd98,0x00000006cbe80000)
 Metaspace       used 6269K, capacity 7128K, committed 7424K, reserved 1056768K
  class space    used 619K, capacity 656K, committed 768K, reserved 1048576K
Event: 14.789 GC heap after
Heap after GC invocations=26 (full 0):
 PSYoungGen      total 256000K, used 21815K [0x000000076ab00000, 0x000000077cb00000, 0x00000007c0000000)
  eden space 220160K, 0% used [0x000000076ab00000,0x000000076ab00000,0x0000000778200000)
  from space 35840K, 60% used [0x000000077a600000,0x000000077bb4dff8,0x000000077c900000)
  to   space 36864K, 0% used [0x0000000778200000,0x0000000778200000,0x000000077a600000)
 ParOldGen       total 195072K, used 125384K [0x00000006c0000000, 0x00000006cbe80000, 0x000000076ab00000)
  object space 195072K, 64% used [0x00000006c0000000,0x00000006c7a72378,0x00000006cbe80000)
 Metaspace       used 6269K, capacity 7128K, committed 7424K, reserved 1056768K
  class space    used 619K, capacity 656K, committed 768K, reserved 1048576K
}
Event: 17.808 GC heap before
{Heap before GC invocations=27 (full 0):
 PSYoungGen      total 256000K, used 241975K [0x000000076ab00000, 0x000000077cb00000, 0x00000007c0000000)
  eden space 220160K, 100% used [0x000000076ab00000,0x0000000778200000,0x0000000778200000)
  from space 35840K, 60% used [0x000000077a600000,0x000000077bb4dff8,0x000000077c900000)
  to   space 36864K, 0% used [0x0000000778200000,0x0000000778200000,0x000000077a600000)
 ParOldGen       total 195072K, used 125384K [0x00000006c0000000, 0x00000006cbe80000, 0x000000076ab00000)
  object space 195072K, 64% used [0x00000006c0000000,0x00000006c7a72378,0x00000006cbe80000)
 Metaspace       used 6271K, capacity 7128K, committed 7424K, reserved 1056768K
  class space    used 619K, capacity 656K, committed 768K, reserved 1048576K
Event: 17.944 GC heap after
Heap after GC invocations=27 (full 0):
 PSYoungGen      total 257024K, used 19282K [0x000000076ab00000, 0x0000000780a80000, 0x00000007c0000000)
  eden space 220160K, 0% used [0x000000076ab00000,0x000000076ab00000,0x0000000778200000)
  from space 36864K, 52% used [0x0000000778200000,0x00000007794d4810,0x000000077a600000)
  to   space 36864K, 0% used [0x000000077e680000,0x000000077e680000,0x0000000780a80000)
 ParOldGen       total 195072K, used 146614K [0x00000006c0000000, 0x00000006cbe80000, 0x000000076ab00000)
  object space 195072K, 75% used [0x00000006c0000000,0x00000006c8f2dba0,0x00000006cbe80000)
 Metaspace       used 6271K, capacity 7128K, committed 7424K, reserved 1056768K
  class space    used 619K, capacity 656K, committed 768K, reserved 1048576K
}
Event: 19.823 GC heap before
{Heap before GC invocations=28 (full 0):
 PSYoungGen      total 257024K, used 239442K [0x000000076ab00000, 0x0000000780a80000, 0x00000007c0000000)
  eden space 220160K, 100% used [0x000000076ab00000,0x0000000778200000,0x0000000778200000)
  from space 36864K, 52% used [0x0000000778200000,0x00000007794d4810,0x000000077a600000)
  to   space 36864K, 0% used [0x000000077e680000,0x000000077e680000,0x0000000780a80000)
 ParOldGen       total 195072K, used 146614K [0x00000006c0000000, 0x00000006cbe80000, 0x000000076ab00000)
  object space 195072K, 75% used [0x00000006c0000000,0x00000006c8f2dba0,0x00000006cbe80000)
 Metaspace       used 6273K, capacity 7128K, committed 7424K, reserved 1056768K
  class space    used 620K, capacity 656K, committed 768K, reserved 1048576K
Event: 20.029 GC heap after
Heap after GC invocations=28 (full 0):
 PSYoungGen      total 318464K, used 31760K [0x000000076ab00000, 0x0000000781380000, 0x00000007c0000000)
  eden space 281600K, 0% used [0x000000076ab00000,0x000000076ab00000,0x000000077be00000)
  from space 36864K, 86% used [0x000000077e680000,0x0000000780584038,0x0000000780a80000)
  to   space 41472K, 0% used [0x000000077be00000,0x000000077be00000,0x000000077e680000)
 ParOldGen       total 195072K, used 165308K [0x00000006c0000000, 0x00000006cbe80000, 0x000000076ab00000)
  object space 195072K, 84% used [0x00000006c0000000,0x00000006ca16f078,0x00000006cbe80000)
 Metaspace       used 6273K, capacity 7128K, committed 7424K, reserved 1056768K
  class space    used 620K, capacity 656K, committed 768K, reserved 1048576K
}
Event: 20.029 GC heap before
{Heap before GC invocations=29 (full 1):
 PSYoungGen      total 318464K, used 31760K [0x000000076ab00000, 0x0000000781380000, 0x00000007c0000000)
  eden space 281600K, 0% used [0x000000076ab00000,0x000000076ab00000,0x000000077be00000)
  from space 36864K, 86% used [0x000000077e680000,0x0000000780584038,0x0000000780a80000)
  to   space 41472K, 0% used [0x000000077be00000,0x000000077be00000,0x000000077e680000)
 ParOldGen       total 195072K, used 165308K [0x00000006c0000000, 0x00000006cbe80000, 0x000000076ab00000)
  object space 195072K, 84% used [0x00000006c0000000,0x00000006ca16f078,0x00000006cbe80000)
 Metaspace       used 6273K, capacity 7128K, committed 7424K, reserved 1056768K
  class space    used 620K, capacity 656K, committed 768K, reserved 1048576K

