# JRE version: Java(TM) SE Runtime Environment (8.0_11-b12) (build 1.8.0_11-b12)
# Java VM: Java HotSpot(TM) 64-Bit Server VM (25.11-b03 mixed mode windows-amd64 compressed oops)
Heap:
 PSYoungGen      total 141312K, used 136300K [0x000000076ab00000, 0x0000000777e00000, 0x00000007c0000000)
  eden space 123392K, 96% used [0x000000076ab00000,0x0000000771ec5b70,0x0000000772380000)
  from space 17920K, 99% used [0x0000000772380000,0x00000007734d5870,0x0000000773500000)
  to   space 21504K, 0% used [0x0000000776900000,0x0000000776900000,0x0000000777e00000)
 ParOldGen       total 195072K, used 64893K [0x00000006c0000000, 0x00000006cbe80000, 0x000000076ab00000)
  object space 195072K, 33% used [0x00000006c0000000,0x00000006c3f5f4e0,0x00000006cbe80000)
 Metaspace       used 6258K, capacity 7128K, committed 7424K, reserved 1056768K
  class space    used 619K, capacity 656K, committed 768K, reserved 1048576K
GC Heap History (10 events):
Event: 5.426 GC heap before
{Heap before GC invocations=19 (full 0):
 PSYoungGen      total 70144K, used 70138K [0x000000076ab00000, 0x000000076fe00000, 0x00000007c0000000)
  eden space 64512K, 100% used [0x000000076ab00000,0x000000076ea00000,0x000000076ea00000)
  from space 5632K, 99% used [0x000000076f280000,0x000000076f7feaf0,0x000000076f800000)
  to   space 8704K, 0% used [0x000000076ea00000,0x000000076ea00000,0x000000076f280000)
 ParOldGen       total 195072K, used 15417K [0x00000006c0000000, 0x00000006cbe80000, 0x000000076ab00000)
  object space 195072K, 7% used [0x00000006c0000000,0x00000006c0f0e500,0x00000006cbe80000)
 Metaspace       used 6175K, capacity 7064K, committed 7424K, reserved 1056768K
  class space    used 618K, capacity 656K, committed 768K, reserved 1048576K
Event: 5.453 GC heap after
Heap after GC invocations=19 (full 0):
 PSYoungGen      total 73216K, used 8703K [0x000000076ab00000, 0x0000000771c80000, 0x00000007c0000000)
  eden space 64512K, 0% used [0x000000076ab00000,0x000000076ab00000,0x000000076ea00000)
  from space 8704K, 99% used [0x000000076ea00000,0x000000076f27fe88,0x000000076f280000)
  to   space 12800K, 0% used [0x0000000771000000,0x0000000771000000,0x0000000771c80000)
 ParOldGen       total 195072K, used 22604K [0x00000006c0000000, 0x00000006cbe80000, 0x000000076ab00000)
  object space 195072K, 11% used [0x00000006c0000000,0x00000006c16132e8,0x00000006cbe80000)
 Metaspace       used 6175K, capacity 7064K, committed 7424K, reserved 1056768K
  class space    used 618K, capacity 656K, committed 768K, reserved 1048576K
}
Event: 6.274 GC heap before
{Heap before GC invocations=20 (full 0):
 PSYoungGen      total 73216K, used 73215K [0x000000076ab00000, 0x0000000771c80000, 0x00000007c0000000)
  eden space 64512K, 100% used [0x000000076ab00000,0x000000076ea00000,0x000000076ea00000)
  from space 8704K, 99% used [0x000000076ea00000,0x000000076f27fe88,0x000000076f280000)
  to   space 12800K, 0% used [0x0000000771000000,0x0000000771000000,0x0000000771c80000)
 ParOldGen       total 195072K, used 22604K [0x00000006c0000000, 0x00000006cbe80000, 0x000000076ab00000)
  object space 195072K, 11% used [0x00000006c0000000,0x00000006c16132e8,0x00000006cbe80000)
 Metaspace       used 6227K, capacity 7064K, committed 7424K, reserved 1056768K
  class space    used 619K, capacity 656K, committed 768K, reserved 1048576K
Event: 6.317 GC heap after
Heap after GC invocations=20 (full 0):
 PSYoungGen      total 101888K, used 9463K [0x000000076ab00000, 0x0000000771f80000, 0x00000007c0000000)
  eden space 89088K, 0% used [0x000000076ab00000,0x000000076ab00000,0x0000000770200000)
  from space 12800K, 73% used [0x0000000771000000,0x000000077193dda8,0x0000000771c80000)
  to   space 14336K, 0% used [0x0000000770200000,0x0000000770200000,0x0000000771000000)
 ParOldGen       total 195072K, used 31250K [0x00000006c0000000, 0x00000006cbe80000, 0x000000076ab00000)
  object space 195072K, 16% used [0x00000006c0000000,0x00000006c1e84b30,0x00000006cbe80000)
 Metaspace       used 6227K, capacity 7064K, committed 7424K, reserved 1056768K
  class space    used 619K, capacity 656K, committed 768K, reserved 1048576K
}
Event: 7.321 GC heap before
{Heap before GC invocations=21 (full 0):
 PSYoungGen      total 101888K, used 98551K [0x000000076ab00000, 0x0000000771f80000, 0x00000007c0000000)
  eden space 89088K, 100% used [0x000000076ab00000,0x0000000770200000,0x0000000770200000)
  from space 12800K, 73% used [0x0000000771000000,0x000000077193dda8,0x0000000771c80000)
  to   space 14336K, 0% used [0x0000000770200000,0x0000000770200000,0x0000000771000000)
 ParOldGen       total 195072K, used 31250K [0x00000006c0000000, 0x00000006cbe80000, 0x000000076ab00000)
  object space 195072K, 16% used [0x00000006c0000000,0x00000006c1e84b30,0x00000006cbe80000)
 Metaspace       used 6239K, capacity 7064K, committed 7424K, reserved 1056768K
  class space    used 619K, capacity 656K, committed 768K, reserved 1048576K
Event: 7.396 GC heap after
Heap after GC invocations=21 (full 0):
 PSYoungGen      total 103424K, used 12269K [0x000000076ab00000, 0x0000000774500000, 0x00000007c0000000)
  eden space 89088K, 0% used [0x000000076ab00000,0x000000076ab00000,0x0000000770200000)
  from space 14336K, 85% used [0x0000000770200000,0x0000000770dfb558,0x0000000771000000)
  to   space 16384K, 0% used [0x0000000773500000,0x0000000773500000,0x0000000774500000)
 ParOldGen       total 195072K, used 40120K [0x00000006c0000000, 0x00000006cbe80000, 0x000000076ab00000)
  object space 195072K, 20% used [0x00000006c0000000,0x00000006c272e058,0x00000006cbe80000)
 Metaspace       used 6239K, capacity 7064K, committed 7424K, reserved 1056768K
  class space    used 619K, capacity 656K, committed 768K, reserved 1048576K
}
Event: 8.580 GC heap before
{Heap before GC invocations=22 (full 0):
 PSYoungGen      total 103424K, used 101357K [0x000000076ab00000, 0x0000000774500000, 0x00000007c0000000)
  eden space 89088K, 100% used [0x000000076ab00000,0x0000000770200000,0x0000000770200000)
  from space 14336K, 85% used [0x0000000770200000,0x0000000770dfb558,0x0000000771000000)
  to   space 16384K, 0% used [0x0000000773500000,0x0000000773500000,0x0000000774500000)
 ParOldGen       total 195072K, used 40120K [0x00000006c0000000, 0x00000006cbe80000, 0x000000076ab00000)
  object space 195072K, 20% used [0x00000006c0000000,0x00000006c272e058,0x00000006cbe80000)
 Metaspace       used 6251K, capacity 7128K, committed 7424K, reserved 1056768K
  class space    used 619K, capacity 656K, committed 768K, reserved 1048576K
Event: 8.774 GC heap after
Heap after GC invocations=22 (full 0):
 PSYoungGen      total 139776K, used 13319K [0x000000076ab00000, 0x0000000774800000, 0x00000007c0000000)
  eden space 123392K, 0% used [0x000000076ab00000,0x000000076ab00000,0x0000000772380000)
  from space 16384K, 81% used [0x0000000773500000,0x0000000774201dd8,0x0000000774500000)
  to   space 17920K, 0% used [0x0000000772380000,0x0000000772380000,0x0000000773500000)
 ParOldGen       total 195072K, used 52115K [0x00000006c0000000, 0x00000006cbe80000, 0x000000076ab00000)
  object space 195072K, 26% used [0x00000006c0000000,0x00000006c32e4d88,0x00000006cbe80000)
 Metaspace       used 6251K, capacity 7128K, committed 7424K, reserved 1056768K
  class space    used 619K, capacity 656K, committed 768K, reserved 1048576K
}
Event: 9.923 GC heap before
{Heap before GC invocations=23 (full 0):
 PSYoungGen      total 139776K, used 136711K [0x000000076ab00000, 0x0000000774800000, 0x00000007c0000000)
  eden space 123392K, 100% used [0x000000076ab00000,0x0000000772380000,0x0000000772380000)
  from space 16384K, 81% used [0x0000000773500000,0x0000000774201dd8,0x0000000774500000)
  to   space 17920K, 0% used [0x0000000772380000,0x0000000772380000,0x0000000773500000)
 ParOldGen       total 195072K, used 52115K [0x00000006c0000000, 0x00000006cbe80000, 0x000000076ab00000)
  object space 195072K, 26% used [0x00000006c0000000,0x00000006c32e4d88,0x00000006cbe80000)
 Metaspace       used 6254K, capacity 7128K, committed 7424K, reserved 1056768K
  class space    used 619K, capacity 656K, committed 768K, reserved 1048576K
Event: 10.048 GC heap after
Heap after GC invocations=23 (full 0):
 PSYoungGen      total 141312K, used 17750K [0x000000076ab00000, 0x0000000777e00000, 0x00000007c0000000)
  eden space 123392K, 0% used [0x000000076ab00000,0x000000076ab00000,0x0000000772380000)
  from space 17920K, 99% used [0x0000000772380000,0x00000007734d5870,0x0000000773500000)
  to   space 21504K, 0% used [0x0000000776900000,0x0000000776900000,0x0000000777e00000)
 ParOldGen       total 195072K, used 64893K [0x00000006c0000000, 0x00000006cbe80000, 0x000000076ab00000)
  object space 195072K, 33% used [0x00000006c0000000,0x00000006c3f5f4e0,0x00000006cbe80000)
 Metaspace       used 6254K, capacity 7128K, committed 7424K, reserved 1056768K
  class space    used 619K, capacity 656K, committed 768K, reserved 1048576K
}

