# JRE version: Java(TM) SE Runtime Environment (8.0_11-b12) (build 1.8.0_11-b12)
# Java VM: Java HotSpot(TM) 64-Bit Server VM (25.11-b03 mixed mode windows-amd64 compressed oops)
Heap:
 PSYoungGen      total 390656K, used 238997K [0x000000076ab00000, 0x0000000787680000, 0x00000007c0000000)
  eden space 318976K, 60% used [0x000000076ab00000,0x000000077667a240,0x000000077e280000)
  from space 71680K, 65% used [0x0000000782c80000,0x0000000785a6b398,0x0000000787280000)
  to   space 75776K, 0% used [0x000000077e280000,0x000000077e280000,0x0000000782c80000)
 ParOldGen       total 370176K, used 325573K [0x00000006c0000000, 0x00000006d6980000, 0x000000076ab00000)
  object space 370176K, 87% used [0x00000006c0000000,0x00000006d3df1668,0x00000006d6980000)
 Metaspace       used 6288K, capacity 7128K, committed 7424K, reserved 1056768K
  class space    used 621K, capacity 656K, committed 768K, reserved 1048576K
GC Heap History (10 events):
Event: 57.827 GC heap before
{Heap before GC invocations=33 (full 3):
 PSYoungGen      total 353792K, used 44597K [0x000000076ab00000, 0x0000000784480000, 0x00000007c0000000)
  eden space 304640K, 0% used [0x000000076ab00000,0x000000076ab00000,0x000000077d480000)
  from space 49152K, 90% used [0x0000000781480000,0x000000078400d5b8,0x0000000784480000)
  to   space 57344K, 0% used [0x000000077d480000,0x000000077d480000,0x0000000780c80000)
 ParOldGen       total 257024K, used 235972K [0x00000006c0000000, 0x00000006cfb00000, 0x000000076ab00000)
  object space 257024K, 91% used [0x00000006c0000000,0x00000006ce6710a8,0x00000006cfb00000)
 Metaspace       used 6283K, capacity 7128K, committed 7424K, reserved 1056768K
  class space    used 621K, capacity 656K, committed 768K, reserved 1048576K
Event: 60.757 GC heap after
Heap after GC invocations=33 (full 3):
 PSYoungGen      total 353792K, used 20847K [0x000000076ab00000, 0x0000000784480000, 0x00000007c0000000)
  eden space 304640K, 0% used [0x000000076ab00000,0x000000076ab00000,0x000000077d480000)
  from space 49152K, 42% used [0x0000000781480000,0x00000007828dbd78,0x0000000784480000)
  to   space 57344K, 0% used [0x000000077d480000,0x000000077d480000,0x0000000780c80000)
 ParOldGen       total 289280K, used 256825K [0x00000006c0000000, 0x00000006d1a80000, 0x000000076ab00000)
  object space 289280K, 88% used [0x00000006c0000000,0x00000006cface5e8,0x00000006d1a80000)
 Metaspace       used 6283K, capacity 7128K, committed 7424K, reserved 1056768K
  class space    used 621K, capacity 656K, committed 768K, reserved 1048576K
}
Event: 63.182 GC heap before
{Heap before GC invocations=34 (full 3):
 PSYoungGen      total 353792K, used 325487K [0x000000076ab00000, 0x0000000784480000, 0x00000007c0000000)
  eden space 304640K, 100% used [0x000000076ab00000,0x000000077d480000,0x000000077d480000)
  from space 49152K, 42% used [0x0000000781480000,0x00000007828dbd78,0x0000000784480000)
  to   space 57344K, 0% used [0x000000077d480000,0x000000077d480000,0x0000000780c80000)
 ParOldGen       total 289280K, used 256825K [0x00000006c0000000, 0x00000006d1a80000, 0x000000076ab00000)
  object space 289280K, 88% used [0x00000006c0000000,0x00000006cface5e8,0x00000006d1a80000)
 Metaspace       used 6287K, capacity 7128K, committed 7424K, reserved 1056768K
  class space    used 621K, capacity 656K, committed 768K, reserved 1048576K
Event: 63.509 GC heap after
Heap after GC invocations=34 (full 3):
 PSYoungGen      total 361984K, used 57334K [0x000000076ab00000, 0x0000000787280000, 0x00000007c0000000)
  eden space 304640K, 0% used [0x000000076ab00000,0x000000076ab00000,0x000000077d480000)
  from space 57344K, 99% used [0x000000077d480000,0x0000000780c7dbe8,0x0000000780c80000)
  to   space 71680K, 0% used [0x0000000782c80000,0x0000000782c80000,0x0000000787280000)
 ParOldGen       total 289280K, used 269399K [0x00000006c0000000, 0x00000006d1a80000, 0x000000076ab00000)
  object space 289280K, 93% used [0x00000006c0000000,0x00000006d0715ca8,0x00000006d1a80000)
 Metaspace       used 6287K, capacity 7128K, committed 7424K, reserved 1056768K
  class space    used 621K, capacity 656K, committed 768K, reserved 1048576K
}
Event: 63.509 GC heap before
{Heap before GC invocations=35 (full 4):
 PSYoungGen      total 361984K, used 57334K [0x000000076ab00000, 0x0000000787280000, 0x00000007c0000000)
  eden space 304640K, 0% used [0x000000076ab00000,0x000000076ab00000,0x000000077d480000)
  from space 57344K, 99% used [0x000000077d480000,0x0000000780c7dbe8,0x0000000780c80000)
  to   space 71680K, 0% used [0x0000000782c80000,0x0000000782c80000,0x0000000787280000)
 ParOldGen       total 289280K, used 269399K [0x00000006c0000000, 0x00000006d1a80000, 0x000000076ab00000)
  object space 289280K, 93% used [0x00000006c0000000,0x00000006d0715ca8,0x00000006d1a80000)
 Metaspace       used 6287K, capacity 7128K, committed 7424K, reserved 1056768K
  class space    used 621K, capacity 656K, committed 768K, reserved 1048576K
Event: 67.228 GC heap after
Heap after GC invocations=35 (full 4):
 PSYoungGen      total 361984K, used 36249K [0x000000076ab00000, 0x0000000787280000, 0x00000007c0000000)
  eden space 304640K, 0% used [0x000000076ab00000,0x000000076ab00000,0x000000077d480000)
  from space 57344K, 63% used [0x000000077d480000,0x000000077f7e6478,0x0000000780c80000)
  to   space 71680K, 0% used [0x0000000782c80000,0x0000000782c80000,0x0000000787280000)
 ParOldGen       total 323072K, used 288897K [0x00000006c0000000, 0x00000006d3b80000, 0x000000076ab00000)
  object space 323072K, 89% used [0x00000006c0000000,0x00000006d1a20668,0x00000006d3b80000)
 Metaspace       used 6287K, capacity 7128K, committed 7424K, reserved 1056768K
  class space    used 621K, capacity 656K, committed 768K, reserved 1048576K
}
Event: 72.133 GC heap before
{Heap before GC invocations=36 (full 4):
 PSYoungGen      total 361984K, used 340889K [0x000000076ab00000, 0x0000000787280000, 0x00000007c0000000)
  eden space 304640K, 100% used [0x000000076ab00000,0x000000077d480000,0x000000077d480000)
  from space 57344K, 63% used [0x000000077d480000,0x000000077f7e6478,0x0000000780c80000)
  to   space 71680K, 0% used [0x0000000782c80000,0x0000000782c80000,0x0000000787280000)
 ParOldGen       total 323072K, used 288897K [0x00000006c0000000, 0x00000006d3b80000, 0x000000076ab00000)
  object space 323072K, 89% used [0x00000006c0000000,0x00000006d1a20668,0x00000006d3b80000)
 Metaspace       used 6287K, capacity 7128K, committed 7424K, reserved 1056768K
  class space    used 621K, capacity 656K, committed 768K, reserved 1048576K
Event: 72.591 GC heap after
Heap after GC invocations=36 (full 4):
 PSYoungGen      total 390656K, used 49964K [0x000000076ab00000, 0x0000000787680000, 0x00000007c0000000)
  eden space 318976K, 0% used [0x000000076ab00000,0x000000076ab00000,0x000000077e280000)
  from space 71680K, 69% used [0x0000000782c80000,0x0000000785d4b3a8,0x0000000787280000)
  to   space 75776K, 0% used [0x000000077e280000,0x000000077e280000,0x0000000782c80000)
 ParOldGen       total 325632K, used 325388K [0x00000006c0000000, 0x00000006d3e00000, 0x000000076ab00000)
  object space 325632K, 99% used [0x00000006c0000000,0x00000006d3dc3098,0x00000006d3e00000)
 Metaspace       used 6287K, capacity 7128K, committed 7424K, reserved 1056768K
  class space    used 621K, capacity 656K, committed 768K, reserved 1048576K
}
Event: 72.591 GC heap before
{Heap before GC invocations=37 (full 5):
 PSYoungGen      total 390656K, used 49964K [0x000000076ab00000, 0x0000000787680000, 0x00000007c0000000)
  eden space 318976K, 0% used [0x000000076ab00000,0x000000076ab00000,0x000000077e280000)
  from space 71680K, 69% used [0x0000000782c80000,0x0000000785d4b3a8,0x0000000787280000)
  to   space 75776K, 0% used [0x000000077e280000,0x000000077e280000,0x0000000782c80000)
 ParOldGen       total 325632K, used 325388K [0x00000006c0000000, 0x00000006d3e00000, 0x000000076ab00000)
  object space 325632K, 99% used [0x00000006c0000000,0x00000006d3dc3098,0x00000006d3e00000)
 Metaspace       used 6287K, capacity 7128K, committed 7424K, reserved 1056768K
  class space    used 621K, capacity 656K, committed 768K, reserved 1048576K
Event: 76.354 GC heap after
Heap after GC invocations=37 (full 5):
 PSYoungGen      total 390656K, used 47020K [0x000000076ab00000, 0x0000000787680000, 0x00000007c0000000)
  eden space 318976K, 0% used [0x000000076ab00000,0x000000076ab00000,0x000000077e280000)
  from space 71680K, 65% used [0x0000000782c80000,0x0000000785a6b398,0x0000000787280000)
  to   space 75776K, 0% used [0x000000077e280000,0x000000077e280000,0x0000000782c80000)
 ParOldGen       total 370176K, used 325573K [0x00000006c0000000, 0x00000006d6980000, 0x000000076ab00000)
  object space 370176K, 87% used [0x00000006c0000000,0x00000006d3df1668,0x00000006d6980000)
 Metaspace       used 6287K, capacity 7128K, committed 7424K, reserved 1056768K
  class space    used 621K, capacity 656K, committed 768K, reserved 1048576K
}

